This file contains any messages produced by compilers while
running configure, to aid debugging if configure makes a mistake.

It was created by ShaderExamples configure 0.1, which was
generated by GNU Autoconf 2.69.  Invocation command line was

  $ ./configure 

## --------- ##
## Platform. ##
## --------- ##

hostname = Flaurine
uname -m = x86_64
uname -r = 3.13.0-44-generic
uname -s = Linux
uname -v = #73-Ubuntu SMP Tue Dec 16 00:22:43 UTC 2014

/usr/bin/uname -p = unknown
/bin/uname -X     = unknown

/bin/arch              = unknown
/usr/bin/arch -k       = unknown
/usr/convex/getsysinfo = unknown
/usr/bin/hostinfo      = unknown
/bin/machine           = unknown
/usr/bin/oslevel       = unknown
/bin/universe          = unknown

PATH: /usr/local/sbin
PATH: /usr/local/bin
PATH: /usr/sbin
PATH: /usr/bin
PATH: /sbin
PATH: /bin
PATH: /usr/games
PATH: /usr/local/games


## ----------- ##
## Core tests. ##
## ----------- ##

configure:2422: checking for a BSD-compatible install
configure:2490: result: /usr/bin/install -c
configure:2501: checking whether build environment is sane
configure:2556: result: yes
configure:2707: checking for a thread-safe mkdir -p
configure:2746: result: /bin/mkdir -p
configure:2753: checking for gawk
configure:2783: result: no
configure:2753: checking for mawk
configure:2769: found /usr/bin/mawk
configure:2780: result: mawk
configure:2791: checking whether make sets $(MAKE)
configure:2813: result: yes
configure:2842: checking whether make supports nested variables
configure:2859: result: yes
configure:3017: checking build system type
configure:3031: result: x86_64-unknown-linux-gnu
configure:3051: checking host system type
configure:3064: result: x86_64-unknown-linux-gnu
configure:3105: checking how to print strings
configure:3132: result: printf
configure:3165: checking for style of include used by make
configure:3193: result: GNU
configure:3264: checking for gcc
configure:3280: found /usr/bin/gcc
configure:3291: result: gcc
configure:3520: checking for C compiler version
configure:3529: gcc --version >&5
gcc (Ubuntu 4.8.2-19ubuntu1) 4.8.2
Copyright (C) 2013 Free Software Foundation, Inc.
This is free software; see the source for copying conditions.  There is NO
warranty; not even for MERCHANTABILITY or FITNESS FOR A PARTICULAR PURPOSE.

configure:3540: $? = 0
configure:3529: gcc -v >&5
Using built-in specs.
COLLECT_GCC=gcc
COLLECT_LTO_WRAPPER=/usr/lib/gcc/x86_64-linux-gnu/4.8/lto-wrapper
Target: x86_64-linux-gnu
Configured with: ../src/configure -v --with-pkgversion='Ubuntu 4.8.2-19ubuntu1' --with-bugurl=file:///usr/share/doc/gcc-4.8/README.Bugs --enable-languages=c,c++,java,go,d,fortran,objc,obj-c++ --prefix=/usr --program-suffix=-4.8 --enable-shared --enable-linker-build-id --libexecdir=/usr/lib --without-included-gettext --enable-threads=posix --with-gxx-include-dir=/usr/include/c++/4.8 --libdir=/usr/lib --enable-nls --with-sysroot=/ --enable-clocale=gnu --enable-libstdcxx-debug --enable-libstdcxx-time=yes --enable-gnu-unique-object --disable-libmudflap --enable-plugin --with-system-zlib --disable-browser-plugin --enable-java-awt=gtk --enable-gtk-cairo --with-java-home=/usr/lib/jvm/java-1.5.0-gcj-4.8-amd64/jre --enable-java-home --with-jvm-root-dir=/usr/lib/jvm/java-1.5.0-gcj-4.8-amd64 --with-jvm-jar-dir=/usr/lib/jvm-exports/java-1.5.0-gcj-4.8-amd64 --with-arch-directory=amd64 --with-ecj-jar=/usr/share/java/eclipse-ecj.jar --enable-objc-gc --enable-multiarch --disable-werror --with-arch-32=i686 --with-abi=m64 --with-multilib-list=m32,m64,mx32 --with-tune=generic --enable-checking=release --build=x86_64-linux-gnu --host=x86_64-linux-gnu --target=x86_64-linux-gnu
Thread model: posix
gcc version 4.8.2 (Ubuntu 4.8.2-19ubuntu1) 
configure:3540: $? = 0
configure:3529: gcc -V >&5
gcc: error: unrecognized command line option '-V'
gcc: fatal error: no input files
compilation terminated.
configure:3540: $? = 4
configure:3529: gcc -qversion >&5
gcc: error: unrecognized command line option '-qversion'
gcc: fatal error: no input files
compilation terminated.
configure:3540: $? = 4
configure:3560: checking whether the C compiler works
configure:3582: gcc    conftest.c  >&5
configure:3586: $? = 0
configure:3634: result: yes
configure:3637: checking for C compiler default output file name
configure:3639: result: a.out
configure:3645: checking for suffix of executables
configure:3652: gcc -o conftest    conftest.c  >&5
configure:3656: $? = 0
configure:3678: result: 
configure:3700: checking whether we are cross compiling
configure:3708: gcc -o conftest    conftest.c  >&5
configure:3712: $? = 0
configure:3719: ./conftest
configure:3723: $? = 0
configure:3738: result: no
configure:3743: checking for suffix of object files
configure:3765: gcc -c   conftest.c >&5
configure:3769: $? = 0
configure:3790: result: o
configure:3794: checking whether we are using the GNU C compiler
configure:3813: gcc -c   conftest.c >&5
configure:3813: $? = 0
configure:3822: result: yes
configure:3831: checking whether gcc accepts -g
configure:3851: gcc -c -g  conftest.c >&5
configure:3851: $? = 0
configure:3892: result: yes
configure:3909: checking for gcc option to accept ISO C89
configure:3972: gcc  -c -g -O2  conftest.c >&5
configure:3972: $? = 0
configure:3985: result: none needed
configure:4010: checking whether gcc understands -c and -o together
configure:4032: gcc -c conftest.c -o conftest2.o
configure:4035: $? = 0
configure:4032: gcc -c conftest.c -o conftest2.o
configure:4035: $? = 0
configure:4047: result: yes
configure:4066: checking dependency style of gcc
configure:4177: result: gcc3
configure:4192: checking for a sed that does not truncate output
configure:4256: result: /bin/sed
configure:4274: checking for grep that handles long lines and -e
configure:4332: result: /bin/grep
configure:4337: checking for egrep
configure:4399: result: /bin/grep -E
configure:4404: checking for fgrep
configure:4466: result: /bin/grep -F
configure:4501: checking for ld used by gcc
configure:4568: result: /usr/bin/ld
configure:4575: checking if the linker (/usr/bin/ld) is GNU ld
configure:4590: result: yes
configure:4602: checking for BSD- or MS-compatible name lister (nm)
configure:4651: result: /usr/bin/nm -B
configure:4781: checking the name lister (/usr/bin/nm -B) interface
configure:4788: gcc -c -g -O2  conftest.c >&5
configure:4791: /usr/bin/nm -B "conftest.o"
configure:4794: output
0000000000000000 B some_variable
configure:4801: result: BSD nm
configure:4804: checking whether ln -s works
configure:4808: result: yes
configure:4816: checking the maximum length of command line arguments
configure:4947: result: 1572864
configure:4964: checking whether the shell understands some XSI constructs
configure:4974: result: yes
configure:4978: checking whether the shell understands "+="
configure:4984: result: yes
configure:5019: checking how to convert x86_64-unknown-linux-gnu file names to x86_64-unknown-linux-gnu format
configure:5059: result: func_convert_file_noop
configure:5066: checking how to convert x86_64-unknown-linux-gnu file names to toolchain format
configure:5086: result: func_convert_file_noop
configure:5093: checking for /usr/bin/ld option to reload object files
configure:5100: result: -r
configure:5174: checking for objdump
configure:5190: found /usr/bin/objdump
configure:5201: result: objdump
configure:5233: checking how to recognize dependent libraries
configure:5431: result: pass_all
configure:5516: checking for dlltool
configure:5546: result: no
configure:5576: checking how to associate runtime and link libraries
configure:5603: result: printf %s\n
configure:5664: checking for ar
configure:5680: found /usr/bin/ar
configure:5691: result: ar
configure:5728: checking for archiver @FILE support
configure:5745: gcc -c -g -O2  conftest.c >&5
configure:5745: $? = 0
configure:5748: ar cru libconftest.a @conftest.lst >&5
configure:5751: $? = 0
configure:5756: ar cru libconftest.a @conftest.lst >&5
ar: conftest.o: No such file or directory
configure:5759: $? = 1
configure:5771: result: @
configure:5829: checking for strip
configure:5845: found /usr/bin/strip
configure:5856: result: strip
configure:5928: checking for ranlib
configure:5944: found /usr/bin/ranlib
configure:5955: result: ranlib
configure:6057: checking command to parse /usr/bin/nm -B output from gcc object
configure:6177: gcc -c -g -O2  conftest.c >&5
configure:6180: $? = 0
configure:6184: /usr/bin/nm -B conftest.o \| sed -n -e 's/^.*[ ]\([ABCDGIRSTW][ABCDGIRSTW]*\)[ ][ ]*\([_A-Za-z][_A-Za-z0-9]*\)$/\1 \2 \2/p' | sed '/ __gnu_lto/d' \> conftest.nm
configure:6187: $? = 0
configure:6253: gcc -o conftest -g -O2   conftest.c conftstm.o >&5
configure:6256: $? = 0
configure:6294: result: ok
configure:6331: checking for sysroot
configure:6361: result: no
configure:6438: gcc -c -g -O2  conftest.c >&5
configure:6441: $? = 0
configure:6630: checking for mt
configure:6646: found /bin/mt
configure:6657: result: mt
configure:6680: checking if mt is a manifest tool
configure:6686: mt '-?'
configure:6694: result: no
configure:7336: checking how to run the C preprocessor
configure:7367: gcc -E  conftest.c
configure:7367: $? = 0
configure:7381: gcc -E  conftest.c
conftest.c:11:28: fatal error: ac_nonexistent.h: No such file or directory
 #include <ac_nonexistent.h>
                            ^
compilation terminated.
configure:7381: $? = 1
configure: failed program was:
| /* confdefs.h */
| #define PACKAGE_NAME "ShaderExamples"
| #define PACKAGE_TARNAME "shaderexamples"
| #define PACKAGE_VERSION "0.1"
| #define PACKAGE_STRING "ShaderExamples 0.1"
| #define PACKAGE_BUGREPORT ""
| #define PACKAGE_URL ""
| #define PACKAGE "shaderexamples"
| #define VERSION "0.1"
| /* end confdefs.h.  */
| #include <ac_nonexistent.h>
configure:7406: result: gcc -E
configure:7426: gcc -E  conftest.c
configure:7426: $? = 0
configure:7440: gcc -E  conftest.c
conftest.c:11:28: fatal error: ac_nonexistent.h: No such file or directory
 #include <ac_nonexistent.h>
                            ^
compilation terminated.
configure:7440: $? = 1
configure: failed program was:
| /* confdefs.h */
| #define PACKAGE_NAME "ShaderExamples"
| #define PACKAGE_TARNAME "shaderexamples"
| #define PACKAGE_VERSION "0.1"
| #define PACKAGE_STRING "ShaderExamples 0.1"
| #define PACKAGE_BUGREPORT ""
| #define PACKAGE_URL ""
| #define PACKAGE "shaderexamples"
| #define VERSION "0.1"
| /* end confdefs.h.  */
| #include <ac_nonexistent.h>
configure:7469: checking for ANSI C header files
configure:7489: gcc -c -g -O2  conftest.c >&5
configure:7489: $? = 0
configure:7562: gcc -o conftest -g -O2   conftest.c  >&5
configure:7562: $? = 0
configure:7562: ./conftest
configure:7562: $? = 0
configure:7573: result: yes
configure:7586: checking for sys/types.h
configure:7586: gcc -c -g -O2  conftest.c >&5
configure:7586: $? = 0
configure:7586: result: yes
configure:7586: checking for sys/stat.h
configure:7586: gcc -c -g -O2  conftest.c >&5
configure:7586: $? = 0
configure:7586: result: yes
configure:7586: checking for stdlib.h
configure:7586: gcc -c -g -O2  conftest.c >&5
configure:7586: $? = 0
configure:7586: result: yes
configure:7586: checking for string.h
configure:7586: gcc -c -g -O2  conftest.c >&5
configure:7586: $? = 0
configure:7586: result: yes
configure:7586: checking for memory.h
configure:7586: gcc -c -g -O2  conftest.c >&5
configure:7586: $? = 0
configure:7586: result: yes
configure:7586: checking for strings.h
configure:7586: gcc -c -g -O2  conftest.c >&5
configure:7586: $? = 0
configure:7586: result: yes
configure:7586: checking for inttypes.h
configure:7586: gcc -c -g -O2  conftest.c >&5
configure:7586: $? = 0
configure:7586: result: yes
configure:7586: checking for stdint.h
configure:7586: gcc -c -g -O2  conftest.c >&5
configure:7586: $? = 0
configure:7586: result: yes
configure:7586: checking for unistd.h
configure:7586: gcc -c -g -O2  conftest.c >&5
configure:7586: $? = 0
configure:7586: result: yes
configure:7600: checking for dlfcn.h
configure:7600: gcc -c -g -O2  conftest.c >&5
configure:7600: $? = 0
configure:7600: result: yes
configure:7806: checking for objdir
configure:7821: result: .libs
configure:8092: checking if gcc supports -fno-rtti -fno-exceptions
configure:8110: gcc -c -g -O2  -fno-rtti -fno-exceptions conftest.c >&5
cc1: warning: command line option '-fno-rtti' is valid for C++/ObjC++ but not for C [enabled by default]
configure:8114: $? = 0
configure:8127: result: no
configure:8454: checking for gcc option to produce PIC
configure:8461: result: -fPIC -DPIC
configure:8469: checking if gcc PIC flag -fPIC -DPIC works
configure:8487: gcc -c -g -O2  -fPIC -DPIC -DPIC conftest.c >&5
configure:8491: $? = 0
configure:8504: result: yes
configure:8533: checking if gcc static flag -static works
configure:8561: result: yes
configure:8576: checking if gcc supports -c -o file.o
configure:8597: gcc -c -g -O2  -o out/conftest2.o conftest.c >&5
configure:8601: $? = 0
configure:8623: result: yes
configure:8631: checking if gcc supports -c -o file.o
configure:8678: result: yes
configure:8711: checking whether the gcc linker (/usr/bin/ld -m elf_x86_64) supports shared libraries
configure:9868: result: yes
configure:9905: checking whether -lc should be explicitly linked in
configure:9913: gcc -c -g -O2  conftest.c >&5
configure:9916: $? = 0
configure:9931: gcc -shared  -fPIC -DPIC conftest.o  -v -Wl,-soname -Wl,conftest -o conftest 2\>\&1 \| /bin/grep  -lc  \>/dev/null 2\>\&1
configure:9934: $? = 0
configure:9948: result: no
configure:10108: checking dynamic linker characteristics
configure:10608: gcc -o conftest -g -O2   -Wl,-rpath -Wl,/foo conftest.c  >&5
configure:10608: $? = 0
configure:10842: result: GNU/Linux ld.so
configure:10949: checking how to hardcode library paths into programs
configure:10974: result: immediate
configure:11514: checking whether stripping libraries is possible
configure:11519: result: yes
configure:11554: checking if libtool supports shared libraries
configure:11556: result: yes
configure:11559: checking whether to build shared libraries
configure:11580: result: yes
configure:11583: checking whether to build static libraries
configure:11587: result: yes
configure:11682: checking for g++
configure:11698: found /usr/bin/g++
configure:11709: result: g++
configure:11736: checking for C++ compiler version
configure:11745: g++ --version >&5
g++ (Ubuntu 4.8.2-19ubuntu1) 4.8.2
Copyright (C) 2013 Free Software Foundation, Inc.
This is free software; see the source for copying conditions.  There is NO
warranty; not even for MERCHANTABILITY or FITNESS FOR A PARTICULAR PURPOSE.

configure:11756: $? = 0
configure:11745: g++ -v >&5
Using built-in specs.
COLLECT_GCC=g++
COLLECT_LTO_WRAPPER=/usr/lib/gcc/x86_64-linux-gnu/4.8/lto-wrapper
Target: x86_64-linux-gnu
Configured with: ../src/configure -v --with-pkgversion='Ubuntu 4.8.2-19ubuntu1' --with-bugurl=file:///usr/share/doc/gcc-4.8/README.Bugs --enable-languages=c,c++,java,go,d,fortran,objc,obj-c++ --prefix=/usr --program-suffix=-4.8 --enable-shared --enable-linker-build-id --libexecdir=/usr/lib --without-included-gettext --enable-threads=posix --with-gxx-include-dir=/usr/include/c++/4.8 --libdir=/usr/lib --enable-nls --with-sysroot=/ --enable-clocale=gnu --enable-libstdcxx-debug --enable-libstdcxx-time=yes --enable-gnu-unique-object --disable-libmudflap --enable-plugin --with-system-zlib --disable-browser-plugin --enable-java-awt=gtk --enable-gtk-cairo --with-java-home=/usr/lib/jvm/java-1.5.0-gcj-4.8-amd64/jre --enable-java-home --with-jvm-root-dir=/usr/lib/jvm/java-1.5.0-gcj-4.8-amd64 --with-jvm-jar-dir=/usr/lib/jvm-exports/java-1.5.0-gcj-4.8-amd64 --with-arch-directory=amd64 --with-ecj-jar=/usr/share/java/eclipse-ecj.jar --enable-objc-gc --enable-multiarch --disable-werror --with-arch-32=i686 --with-abi=m64 --with-multilib-list=m32,m64,mx32 --with-tune=generic --enable-checking=release --build=x86_64-linux-gnu --host=x86_64-linux-gnu --target=x86_64-linux-gnu
Thread model: posix
gcc version 4.8.2 (Ubuntu 4.8.2-19ubuntu1) 
configure:11756: $? = 0
configure:11745: g++ -V >&5
g++: error: unrecognized command line option '-V'
g++: fatal error: no input files
compilation terminated.
configure:11756: $? = 4
configure:11745: g++ -qversion >&5
g++: error: unrecognized command line option '-qversion'
g++: fatal error: no input files
compilation terminated.
configure:11756: $? = 4
configure:11760: checking whether we are using the GNU C++ compiler
configure:11779: g++ -c   conftest.cpp >&5
configure:11779: $? = 0
configure:11788: result: yes
configure:11797: checking whether g++ accepts -g
configure:11817: g++ -c -g  conftest.cpp >&5
configure:11817: $? = 0
configure:11858: result: yes
configure:11883: checking dependency style of g++
configure:11994: result: gcc3
configure:12027: checking how to run the C++ preprocessor
configure:12054: g++ -E  conftest.cpp
configure:12054: $? = 0
configure:12068: g++ -E  conftest.cpp
conftest.cpp:23:28: fatal error: ac_nonexistent.h: No such file or directory
 #include <ac_nonexistent.h>
                            ^
compilation terminated.
configure:12068: $? = 1
configure: failed program was:
| /* confdefs.h */
| #define PACKAGE_NAME "ShaderExamples"
| #define PACKAGE_TARNAME "shaderexamples"
| #define PACKAGE_VERSION "0.1"
| #define PACKAGE_STRING "ShaderExamples 0.1"
| #define PACKAGE_BUGREPORT ""
| #define PACKAGE_URL ""
| #define PACKAGE "shaderexamples"
| #define VERSION "0.1"
| #define STDC_HEADERS 1
| #define HAVE_SYS_TYPES_H 1
| #define HAVE_SYS_STAT_H 1
| #define HAVE_STDLIB_H 1
| #define HAVE_STRING_H 1
| #define HAVE_MEMORY_H 1
| #define HAVE_STRINGS_H 1
| #define HAVE_INTTYPES_H 1
| #define HAVE_STDINT_H 1
| #define HAVE_UNISTD_H 1
| #define HAVE_DLFCN_H 1
| #define LT_OBJDIR ".libs/"
| /* end confdefs.h.  */
| #include <ac_nonexistent.h>
configure:12093: result: g++ -E
configure:12113: g++ -E  conftest.cpp
configure:12113: $? = 0
configure:12127: g++ -E  conftest.cpp
conftest.cpp:23:28: fatal error: ac_nonexistent.h: No such file or directory
 #include <ac_nonexistent.h>
                            ^
compilation terminated.
configure:12127: $? = 1
configure: failed program was:
| /* confdefs.h */
| #define PACKAGE_NAME "ShaderExamples"
| #define PACKAGE_TARNAME "shaderexamples"
| #define PACKAGE_VERSION "0.1"
| #define PACKAGE_STRING "ShaderExamples 0.1"
| #define PACKAGE_BUGREPORT ""
| #define PACKAGE_URL ""
| #define PACKAGE "shaderexamples"
| #define VERSION "0.1"
| #define STDC_HEADERS 1
| #define HAVE_SYS_TYPES_H 1
| #define HAVE_SYS_STAT_H 1
| #define HAVE_STDLIB_H 1
| #define HAVE_STRING_H 1
| #define HAVE_MEMORY_H 1
| #define HAVE_STRINGS_H 1
| #define HAVE_INTTYPES_H 1
| #define HAVE_STDINT_H 1
| #define HAVE_UNISTD_H 1
| #define HAVE_DLFCN_H 1
| #define LT_OBJDIR ".libs/"
| /* end confdefs.h.  */
| #include <ac_nonexistent.h>
configure:12296: checking for ld used by g++
configure:12363: result: /usr/bin/ld -m elf_x86_64
configure:12370: checking if the linker (/usr/bin/ld -m elf_x86_64) is GNU ld
configure:12385: result: yes
configure:12440: checking whether the g++ linker (/usr/bin/ld -m elf_x86_64) supports shared libraries
configure:13442: result: yes
configure:13478: g++ -c -g -O2  conftest.cpp >&5
configure:13481: $? = 0
configure:14001: checking for g++ option to produce PIC
configure:14008: result: -fPIC -DPIC
configure:14016: checking if g++ PIC flag -fPIC -DPIC works
configure:14034: g++ -c -g -O2  -fPIC -DPIC -DPIC conftest.cpp >&5
configure:14038: $? = 0
configure:14051: result: yes
configure:14074: checking if g++ static flag -static works
configure:14102: result: yes
configure:14114: checking if g++ supports -c -o file.o
configure:14135: g++ -c -g -O2  -o out/conftest2.o conftest.cpp >&5
configure:14139: $? = 0
configure:14161: result: yes
configure:14166: checking if g++ supports -c -o file.o
configure:14213: result: yes
configure:14243: checking whether the g++ linker (/usr/bin/ld -m elf_x86_64) supports shared libraries
configure:14282: result: yes
configure:14423: checking dynamic linker characteristics
configure:15091: result: GNU/Linux ld.so
configure:15144: checking how to hardcode library paths into programs
configure:15169: result: immediate
configure: this is boost.m4 serial 23
configure:15245: checking for Boost headers version >= 0.0.0
configure:15316: g++ -c -g -O2  conftest.cpp >&5
configure:15316: $? = 0
configure:15337: result: yes
configure:15356: checking for Boost's header version
configure:15384: result: 1_54
configure:15396: checking for the toolset name used by Boost for g++
configure:15506: g++ -c -g -O2  conftest.cpp >&5
conftest.cpp:28:3: error: #error defined __GNUC__ && __GNUC__ == 4 && __GNUC_MINOR__ == 10 && !defined __ICC && (defined WIN32 || defined WINNT || defined _WIN32 || defined __WIN32 || defined __WIN32__ || defined __WINNT || defined __WINNT__)
 # error defined __GNUC__ && __GNUC__ == 4 && __GNUC_MINOR__ == 10 && !defined __ICC &&   (defined WIN32 || defined WINNT || defined _WIN32 || defined __WIN32          || defined __WIN32__ || defined __WINNT || defined __WINNT__)
   ^
configure:15506: $? = 1
configure: failed program was:
| /* confdefs.h */
| #define PACKAGE_NAME "ShaderExamples"
| #define PACKAGE_TARNAME "shaderexamples"
| #define PACKAGE_VERSION "0.1"
| #define PACKAGE_STRING "ShaderExamples 0.1"
| #define PACKAGE_BUGREPORT ""
| #define PACKAGE_URL ""
| #define PACKAGE "shaderexamples"
| #define VERSION "0.1"
| #define STDC_HEADERS 1
| #define HAVE_SYS_TYPES_H 1
| #define HAVE_SYS_STAT_H 1
| #define HAVE_STDLIB_H 1
| #define HAVE_STRING_H 1
| #define HAVE_MEMORY_H 1
| #define HAVE_STRINGS_H 1
| #define HAVE_INTTYPES_H 1
| #define HAVE_STDINT_H 1
| #define HAVE_UNISTD_H 1
| #define HAVE_DLFCN_H 1
| #define LT_OBJDIR ".libs/"
| #define HAVE_BOOST 1
| /* end confdefs.h.  */
| 
| #if defined __GNUC__ && __GNUC__ == 4 && __GNUC_MINOR__ == 10 && !defined __ICC &&   (defined WIN32 || defined WINNT || defined _WIN32 || defined __WIN32          || defined __WIN32__ || defined __WINNT || defined __WINNT__)
| /* OK */
| #else
| # error defined __GNUC__ && __GNUC__ == 4 && __GNUC_MINOR__ == 10 && !defined __ICC &&   (defined WIN32 || defined WINNT || defined _WIN32 || defined __WIN32          || defined __WIN32__ || defined __WINNT || defined __WINNT__)
| #endif
| 
| int
| main ()
| {
| 
|   ;
|   return 0;
| }
configure:15506: g++ -c -g -O2  conftest.cpp >&5
conftest.cpp:28:3: error: #error defined __GNUC__ && __GNUC__ == 4 && __GNUC_MINOR__ == 10 && !defined __ICC
 # error defined __GNUC__ && __GNUC__ == 4 && __GNUC_MINOR__ == 10 && !defined __ICC
   ^
configure:15506: $? = 1
configure: failed program was:
| /* confdefs.h */
| #define PACKAGE_NAME "ShaderExamples"
| #define PACKAGE_TARNAME "shaderexamples"
| #define PACKAGE_VERSION "0.1"
| #define PACKAGE_STRING "ShaderExamples 0.1"
| #define PACKAGE_BUGREPORT ""
| #define PACKAGE_URL ""
| #define PACKAGE "shaderexamples"
| #define VERSION "0.1"
| #define STDC_HEADERS 1
| #define HAVE_SYS_TYPES_H 1
| #define HAVE_SYS_STAT_H 1
| #define HAVE_STDLIB_H 1
| #define HAVE_STRING_H 1
| #define HAVE_MEMORY_H 1
| #define HAVE_STRINGS_H 1
| #define HAVE_INTTYPES_H 1
| #define HAVE_STDINT_H 1
| #define HAVE_UNISTD_H 1
| #define HAVE_DLFCN_H 1
| #define LT_OBJDIR ".libs/"
| #define HAVE_BOOST 1
| /* end confdefs.h.  */
| 
| #if defined __GNUC__ && __GNUC__ == 4 && __GNUC_MINOR__ == 10 && !defined __ICC
| /* OK */
| #else
| # error defined __GNUC__ && __GNUC__ == 4 && __GNUC_MINOR__ == 10 && !defined __ICC
| #endif
| 
| int
| main ()
| {
| 
|   ;
|   return 0;
| }
configure:15506: g++ -c -g -O2  conftest.cpp >&5
conftest.cpp:28:3: error: #error defined __GNUC__ && __GNUC__ == 4 && __GNUC_MINOR__ == 9 && !defined __ICC && (defined WIN32 || defined WINNT || defined _WIN32 || defined __WIN32 || defined __WIN32__ || defined __WINNT || defined __WINNT__)
 # error defined __GNUC__ && __GNUC__ == 4 && __GNUC_MINOR__ == 9 && !defined __ICC &&   (defined WIN32 || defined WINNT || defined _WIN32 || defined __WIN32          || defined __WIN32__ || defined __WINNT || defined __WINNT__)
   ^
configure:15506: $? = 1
configure: failed program was:
| /* confdefs.h */
| #define PACKAGE_NAME "ShaderExamples"
| #define PACKAGE_TARNAME "shaderexamples"
| #define PACKAGE_VERSION "0.1"
| #define PACKAGE_STRING "ShaderExamples 0.1"
| #define PACKAGE_BUGREPORT ""
| #define PACKAGE_URL ""
| #define PACKAGE "shaderexamples"
| #define VERSION "0.1"
| #define STDC_HEADERS 1
| #define HAVE_SYS_TYPES_H 1
| #define HAVE_SYS_STAT_H 1
| #define HAVE_STDLIB_H 1
| #define HAVE_STRING_H 1
| #define HAVE_MEMORY_H 1
| #define HAVE_STRINGS_H 1
| #define HAVE_INTTYPES_H 1
| #define HAVE_STDINT_H 1
| #define HAVE_UNISTD_H 1
| #define HAVE_DLFCN_H 1
| #define LT_OBJDIR ".libs/"
| #define HAVE_BOOST 1
| /* end confdefs.h.  */
| 
| #if defined __GNUC__ && __GNUC__ == 4 && __GNUC_MINOR__ == 9 && !defined __ICC &&   (defined WIN32 || defined WINNT || defined _WIN32 || defined __WIN32          || defined __WIN32__ || defined __WINNT || defined __WINNT__)
| /* OK */
| #else
| # error defined __GNUC__ && __GNUC__ == 4 && __GNUC_MINOR__ == 9 && !defined __ICC &&   (defined WIN32 || defined WINNT || defined _WIN32 || defined __WIN32          || defined __WIN32__ || defined __WINNT || defined __WINNT__)
| #endif
| 
| int
| main ()
| {
| 
|   ;
|   return 0;
| }
configure:15506: g++ -c -g -O2  conftest.cpp >&5
conftest.cpp:28:3: error: #error defined __GNUC__ && __GNUC__ == 4 && __GNUC_MINOR__ == 9 && !defined __ICC
 # error defined __GNUC__ && __GNUC__ == 4 && __GNUC_MINOR__ == 9 && !defined __ICC
   ^
configure:15506: $? = 1
configure: failed program was:
| /* confdefs.h */
| #define PACKAGE_NAME "ShaderExamples"
| #define PACKAGE_TARNAME "shaderexamples"
| #define PACKAGE_VERSION "0.1"
| #define PACKAGE_STRING "ShaderExamples 0.1"
| #define PACKAGE_BUGREPORT ""
| #define PACKAGE_URL ""
| #define PACKAGE "shaderexamples"
| #define VERSION "0.1"
| #define STDC_HEADERS 1
| #define HAVE_SYS_TYPES_H 1
| #define HAVE_SYS_STAT_H 1
| #define HAVE_STDLIB_H 1
| #define HAVE_STRING_H 1
| #define HAVE_MEMORY_H 1
| #define HAVE_STRINGS_H 1
| #define HAVE_INTTYPES_H 1
| #define HAVE_STDINT_H 1
| #define HAVE_UNISTD_H 1
| #define HAVE_DLFCN_H 1
| #define LT_OBJDIR ".libs/"
| #define HAVE_BOOST 1
| /* end confdefs.h.  */
| 
| #if defined __GNUC__ && __GNUC__ == 4 && __GNUC_MINOR__ == 9 && !defined __ICC
| /* OK */
| #else
| # error defined __GNUC__ && __GNUC__ == 4 && __GNUC_MINOR__ == 9 && !defined __ICC
| #endif
| 
| int
| main ()
| {
| 
|   ;
|   return 0;
| }
configure:15506: g++ -c -g -O2  conftest.cpp >&5
conftest.cpp:28:3: error: #error defined __GNUC__ && __GNUC__ == 4 && __GNUC_MINOR__ == 8 && !defined __ICC && (defined WIN32 || defined WINNT || defined _WIN32 || defined __WIN32 || defined __WIN32__ || defined __WINNT || defined __WINNT__)
 # error defined __GNUC__ && __GNUC__ == 4 && __GNUC_MINOR__ == 8 && !defined __ICC &&   (defined WIN32 || defined WINNT || defined _WIN32 || defined __WIN32          || defined __WIN32__ || defined __WINNT || defined __WINNT__)
   ^
configure:15506: $? = 1
configure: failed program was:
| /* confdefs.h */
| #define PACKAGE_NAME "ShaderExamples"
| #define PACKAGE_TARNAME "shaderexamples"
| #define PACKAGE_VERSION "0.1"
| #define PACKAGE_STRING "ShaderExamples 0.1"
| #define PACKAGE_BUGREPORT ""
| #define PACKAGE_URL ""
| #define PACKAGE "shaderexamples"
| #define VERSION "0.1"
| #define STDC_HEADERS 1
| #define HAVE_SYS_TYPES_H 1
| #define HAVE_SYS_STAT_H 1
| #define HAVE_STDLIB_H 1
| #define HAVE_STRING_H 1
| #define HAVE_MEMORY_H 1
| #define HAVE_STRINGS_H 1
| #define HAVE_INTTYPES_H 1
| #define HAVE_STDINT_H 1
| #define HAVE_UNISTD_H 1
| #define HAVE_DLFCN_H 1
| #define LT_OBJDIR ".libs/"
| #define HAVE_BOOST 1
| /* end confdefs.h.  */
| 
| #if defined __GNUC__ && __GNUC__ == 4 && __GNUC_MINOR__ == 8 && !defined __ICC &&   (defined WIN32 || defined WINNT || defined _WIN32 || defined __WIN32          || defined __WIN32__ || defined __WINNT || defined __WINNT__)
| /* OK */
| #else
| # error defined __GNUC__ && __GNUC__ == 4 && __GNUC_MINOR__ == 8 && !defined __ICC &&   (defined WIN32 || defined WINNT || defined _WIN32 || defined __WIN32          || defined __WIN32__ || defined __WINNT || defined __WINNT__)
| #endif
| 
| int
| main ()
| {
| 
|   ;
|   return 0;
| }
configure:15506: g++ -c -g -O2  conftest.cpp >&5
configure:15506: $? = 0
configure:15541: result: gcc48 -gcc
configure:15573: g++ -c -g -O2  conftest.cpp >&5
conftest.cpp:28:3: error: #error MT not needed
 # error MT not needed
   ^
configure:15573: $? = 1
configure: failed program was:
| /* confdefs.h */
| #define PACKAGE_NAME "ShaderExamples"
| #define PACKAGE_TARNAME "shaderexamples"
| #define PACKAGE_VERSION "0.1"
| #define PACKAGE_STRING "ShaderExamples 0.1"
| #define PACKAGE_BUGREPORT ""
| #define PACKAGE_URL ""
| #define PACKAGE "shaderexamples"
| #define VERSION "0.1"
| #define STDC_HEADERS 1
| #define HAVE_SYS_TYPES_H 1
| #define HAVE_SYS_STAT_H 1
| #define HAVE_STDLIB_H 1
| #define HAVE_STRING_H 1
| #define HAVE_MEMORY_H 1
| #define HAVE_STRINGS_H 1
| #define HAVE_INTTYPES_H 1
| #define HAVE_STDINT_H 1
| #define HAVE_UNISTD_H 1
| #define HAVE_DLFCN_H 1
| #define LT_OBJDIR ".libs/"
| #define HAVE_BOOST 1
| /* end confdefs.h.  */
| 
| #if defined _REENTRANT || defined _MT || defined __MT__
| /* use -mt */
| #else
| # error MT not needed
| #endif
| 
| int
| main ()
| {
| 
|   ;
|   return 0;
| }
configure:15605: checking boost/program_options.hpp usability
configure:15605: g++ -c -g -O2   conftest.cpp >&5
configure:15605: $? = 0
configure:15605: result: yes
configure:15605: checking boost/program_options.hpp presence
configure:15605: g++ -E   conftest.cpp
configure:15605: $? = 0
configure:15605: result: yes
configure:15605: checking for boost/program_options.hpp
configure:15605: result: yes
configure:15625: checking for the Boost program_options library
configure:15667: g++ -c -g -O2   conftest.cpp >&5
configure:15667: $? = 0
configure:15722: re-using the existing conftest.o
configure:15728: g++ -o conftest -g -O2    conftest.o -lboost_program_options-gcc48-mt-1_54  >&5
/usr/bin/ld: cannot find -lboost_program_options-gcc48-mt-1_54
collect2: error: ld returned 1 exit status
configure:15737: $? = 1
configure:15722: re-using the existing conftest.o
configure:15728: g++ -o conftest -g -O2    -L/usr/local/lib conftest.o -lboost_program_options-gcc48-mt-1_54  >&5
/usr/bin/ld: cannot find -lboost_program_options-gcc48-mt-1_54
collect2: error: ld returned 1 exit status
configure:15737: $? = 1
configure:15722: re-using the existing conftest.o
configure:15728: g++ -o conftest -g -O2    -L/usr/lib conftest.o -lboost_program_options-gcc48-mt-1_54  >&5
/usr/bin/ld: cannot find -lboost_program_options-gcc48-mt-1_54
collect2: error: ld returned 1 exit status
configure:15737: $? = 1
configure:15722: re-using the existing conftest.o
configure:15728: g++ -o conftest -g -O2    -L/usr/lib32 conftest.o -lboost_program_options-gcc48-mt-1_54  >&5
/usr/bin/ld: cannot find -lboost_program_options-gcc48-mt-1_54
collect2: error: ld returned 1 exit status
configure:15737: $? = 1
configure:15722: re-using the existing conftest.o
configure:15728: g++ -o conftest -g -O2    conftest.o -lboost_program_options-gcc48-mt-1_54  >&5
/usr/bin/ld: cannot find -lboost_program_options-gcc48-mt-1_54
collect2: error: ld returned 1 exit status
configure:15737: $? = 1
configure:15722: re-using the existing conftest.o
configure:15728: g++ -o conftest -g -O2    -L/lib conftest.o -lboost_program_options-gcc48-mt-1_54  >&5
/usr/bin/ld: cannot find -lboost_program_options-gcc48-mt-1_54
collect2: error: ld returned 1 exit status
configure:15737: $? = 1
configure:15722: re-using the existing conftest.o
configure:15728: g++ -o conftest -g -O2    -L/lib32 conftest.o -lboost_program_options-gcc48-mt-1_54  >&5
/usr/bin/ld: cannot find -lboost_program_options-gcc48-mt-1_54
collect2: error: ld returned 1 exit status
configure:15737: $? = 1
configure:15722: re-using the existing conftest.o
configure:15728: g++ -o conftest -g -O2    -L/lib64 conftest.o -lboost_program_options-gcc48-mt-1_54  >&5
/usr/bin/ld: cannot find -lboost_program_options-gcc48-mt-1_54
collect2: error: ld returned 1 exit status
configure:15737: $? = 1
configure:15722: re-using the existing conftest.o
configure:15728: g++ -o conftest -g -O2    -L/libnss3.so conftest.o -lboost_program_options-gcc48-mt-1_54  >&5
/usr/bin/ld: cannot find -lboost_program_options-gcc48-mt-1_54
collect2: error: ld returned 1 exit status
configure:15737: $? = 1
configure:15722: re-using the existing conftest.o
configure:15728: g++ -o conftest -g -O2    conftest.o -lboost_program_options-gcc48-1_54  >&5
/usr/bin/ld: cannot find -lboost_program_options-gcc48-1_54
collect2: error: ld returned 1 exit status
configure:15737: $? = 1
configure:15722: re-using the existing conftest.o
configure:15728: g++ -o conftest -g -O2    -L/usr/local/lib conftest.o -lboost_program_options-gcc48-1_54  >&5
/usr/bin/ld: cannot find -lboost_program_options-gcc48-1_54
collect2: error: ld returned 1 exit status
configure:15737: $? = 1
configure:15722: re-using the existing conftest.o
configure:15728: g++ -o conftest -g -O2    -L/usr/lib conftest.o -lboost_program_options-gcc48-1_54  >&5
/usr/bin/ld: cannot find -lboost_program_options-gcc48-1_54
collect2: error: ld returned 1 exit status
configure:15737: $? = 1
configure:15722: re-using the existing conftest.o
configure:15728: g++ -o conftest -g -O2    -L/usr/lib32 conftest.o -lboost_program_options-gcc48-1_54  >&5
/usr/bin/ld: cannot find -lboost_program_options-gcc48-1_54
collect2: error: ld returned 1 exit status
configure:15737: $? = 1
configure:15722: re-using the existing conftest.o
configure:15728: g++ -o conftest -g -O2    conftest.o -lboost_program_options-gcc48-1_54  >&5
/usr/bin/ld: cannot find -lboost_program_options-gcc48-1_54
collect2: error: ld returned 1 exit status
configure:15737: $? = 1
configure:15722: re-using the existing conftest.o
configure:15728: g++ -o conftest -g -O2    -L/lib conftest.o -lboost_program_options-gcc48-1_54  >&5
/usr/bin/ld: cannot find -lboost_program_options-gcc48-1_54
collect2: error: ld returned 1 exit status
configure:15737: $? = 1
configure:15722: re-using the existing conftest.o
configure:15728: g++ -o conftest -g -O2    -L/lib32 conftest.o -lboost_program_options-gcc48-1_54  >&5
/usr/bin/ld: cannot find -lboost_program_options-gcc48-1_54
collect2: error: ld returned 1 exit status
configure:15737: $? = 1
configure:15722: re-using the existing conftest.o
configure:15728: g++ -o conftest -g -O2    -L/lib64 conftest.o -lboost_program_options-gcc48-1_54  >&5
/usr/bin/ld: cannot find -lboost_program_options-gcc48-1_54
collect2: error: ld returned 1 exit status
configure:15737: $? = 1
configure:15722: re-using the existing conftest.o
configure:15728: g++ -o conftest -g -O2    -L/libnss3.so conftest.o -lboost_program_options-gcc48-1_54  >&5
/usr/bin/ld: cannot find -lboost_program_options-gcc48-1_54
collect2: error: ld returned 1 exit status
configure:15737: $? = 1
configure:15722: re-using the existing conftest.o
configure:15728: g++ -o conftest -g -O2    conftest.o -lboost_program_options-gcc48-mt-d-1_54  >&5
/usr/bin/ld: cannot find -lboost_program_options-gcc48-mt-d-1_54
collect2: error: ld returned 1 exit status
configure:15737: $? = 1
configure:15722: re-using the existing conftest.o
configure:15728: g++ -o conftest -g -O2    -L/usr/local/lib conftest.o -lboost_program_options-gcc48-mt-d-1_54  >&5
/usr/bin/ld: cannot find -lboost_program_options-gcc48-mt-d-1_54
collect2: error: ld returned 1 exit status
configure:15737: $? = 1
configure:15722: re-using the existing conftest.o
configure:15728: g++ -o conftest -g -O2    -L/usr/lib conftest.o -lboost_program_options-gcc48-mt-d-1_54  >&5
/usr/bin/ld: cannot find -lboost_program_options-gcc48-mt-d-1_54
collect2: error: ld returned 1 exit status
configure:15737: $? = 1
configure:15722: re-using the existing conftest.o
configure:15728: g++ -o conftest -g -O2    -L/usr/lib32 conftest.o -lboost_program_options-gcc48-mt-d-1_54  >&5
/usr/bin/ld: cannot find -lboost_program_options-gcc48-mt-d-1_54
collect2: error: ld returned 1 exit status
configure:15737: $? = 1
configure:15722: re-using the existing conftest.o
configure:15728: g++ -o conftest -g -O2    conftest.o -lboost_program_options-gcc48-mt-d-1_54  >&5
/usr/bin/ld: cannot find -lboost_program_options-gcc48-mt-d-1_54
collect2: error: ld returned 1 exit status
configure:15737: $? = 1
configure:15722: re-using the existing conftest.o
configure:15728: g++ -o conftest -g -O2    -L/lib conftest.o -lboost_program_options-gcc48-mt-d-1_54  >&5
/usr/bin/ld: cannot find -lboost_program_options-gcc48-mt-d-1_54
collect2: error: ld returned 1 exit status
configure:15737: $? = 1
configure:15722: re-using the existing conftest.o
configure:15728: g++ -o conftest -g -O2    -L/lib32 conftest.o -lboost_program_options-gcc48-mt-d-1_54  >&5
/usr/bin/ld: cannot find -lboost_program_options-gcc48-mt-d-1_54
collect2: error: ld returned 1 exit status
configure:15737: $? = 1
configure:15722: re-using the existing conftest.o
configure:15728: g++ -o conftest -g -O2    -L/lib64 conftest.o -lboost_program_options-gcc48-mt-d-1_54  >&5
/usr/bin/ld: cannot find -lboost_program_options-gcc48-mt-d-1_54
collect2: error: ld returned 1 exit status
configure:15737: $? = 1
configure:15722: re-using the existing conftest.o
configure:15728: g++ -o conftest -g -O2    -L/libnss3.so conftest.o -lboost_program_options-gcc48-mt-d-1_54  >&5
/usr/bin/ld: cannot find -lboost_program_options-gcc48-mt-d-1_54
collect2: error: ld returned 1 exit status
configure:15737: $? = 1
configure:15722: re-using the existing conftest.o
configure:15728: g++ -o conftest -g -O2    conftest.o -lboost_program_options-gcc48-d-1_54  >&5
/usr/bin/ld: cannot find -lboost_program_options-gcc48-d-1_54
collect2: error: ld returned 1 exit status
configure:15737: $? = 1
configure:15722: re-using the existing conftest.o
configure:15728: g++ -o conftest -g -O2    -L/usr/local/lib conftest.o -lboost_program_options-gcc48-d-1_54  >&5
/usr/bin/ld: cannot find -lboost_program_options-gcc48-d-1_54
collect2: error: ld returned 1 exit status
configure:15737: $? = 1
configure:15722: re-using the existing conftest.o
configure:15728: g++ -o conftest -g -O2    -L/usr/lib conftest.o -lboost_program_options-gcc48-d-1_54  >&5
/usr/bin/ld: cannot find -lboost_program_options-gcc48-d-1_54
collect2: error: ld returned 1 exit status
configure:15737: $? = 1
configure:15722: re-using the existing conftest.o
configure:15728: g++ -o conftest -g -O2    -L/usr/lib32 conftest.o -lboost_program_options-gcc48-d-1_54  >&5
/usr/bin/ld: cannot find -lboost_program_options-gcc48-d-1_54
collect2: error: ld returned 1 exit status
configure:15737: $? = 1
configure:15722: re-using the existing conftest.o
configure:15728: g++ -o conftest -g -O2    conftest.o -lboost_program_options-gcc48-d-1_54  >&5
/usr/bin/ld: cannot find -lboost_program_options-gcc48-d-1_54
collect2: error: ld returned 1 exit status
configure:15737: $? = 1
configure:15722: re-using the existing conftest.o
configure:15728: g++ -o conftest -g -O2    -L/lib conftest.o -lboost_program_options-gcc48-d-1_54  >&5
/usr/bin/ld: cannot find -lboost_program_options-gcc48-d-1_54
collect2: error: ld returned 1 exit status
configure:15737: $? = 1
configure:15722: re-using the existing conftest.o
configure:15728: g++ -o conftest -g -O2    -L/lib32 conftest.o -lboost_program_options-gcc48-d-1_54  >&5
/usr/bin/ld: cannot find -lboost_program_options-gcc48-d-1_54
collect2: error: ld returned 1 exit status
configure:15737: $? = 1
configure:15722: re-using the existing conftest.o
configure:15728: g++ -o conftest -g -O2    -L/lib64 conftest.o -lboost_program_options-gcc48-d-1_54  >&5
/usr/bin/ld: cannot find -lboost_program_options-gcc48-d-1_54
collect2: error: ld returned 1 exit status
configure:15737: $? = 1
configure:15722: re-using the existing conftest.o
configure:15728: g++ -o conftest -g -O2    -L/libnss3.so conftest.o -lboost_program_options-gcc48-d-1_54  >&5
/usr/bin/ld: cannot find -lboost_program_options-gcc48-d-1_54
collect2: error: ld returned 1 exit status
configure:15737: $? = 1
configure:15722: re-using the existing conftest.o
configure:15728: g++ -o conftest -g -O2    conftest.o -lboost_program_options-gcc48-mt  >&5
/usr/bin/ld: cannot find -lboost_program_options-gcc48-mt
collect2: error: ld returned 1 exit status
configure:15737: $? = 1
configure:15722: re-using the existing conftest.o
configure:15728: g++ -o conftest -g -O2    -L/usr/local/lib conftest.o -lboost_program_options-gcc48-mt  >&5
/usr/bin/ld: cannot find -lboost_program_options-gcc48-mt
collect2: error: ld returned 1 exit status
configure:15737: $? = 1
configure:15722: re-using the existing conftest.o
configure:15728: g++ -o conftest -g -O2    -L/usr/lib conftest.o -lboost_program_options-gcc48-mt  >&5
/usr/bin/ld: cannot find -lboost_program_options-gcc48-mt
collect2: error: ld returned 1 exit status
configure:15737: $? = 1
configure:15722: re-using the existing conftest.o
configure:15728: g++ -o conftest -g -O2    -L/usr/lib32 conftest.o -lboost_program_options-gcc48-mt  >&5
/usr/bin/ld: cannot find -lboost_program_options-gcc48-mt
collect2: error: ld returned 1 exit status
configure:15737: $? = 1
configure:15722: re-using the existing conftest.o
configure:15728: g++ -o conftest -g -O2    conftest.o -lboost_program_options-gcc48-mt  >&5
/usr/bin/ld: cannot find -lboost_program_options-gcc48-mt
collect2: error: ld returned 1 exit status
configure:15737: $? = 1
configure:15722: re-using the existing conftest.o
configure:15728: g++ -o conftest -g -O2    -L/lib conftest.o -lboost_program_options-gcc48-mt  >&5
/usr/bin/ld: cannot find -lboost_program_options-gcc48-mt
collect2: error: ld returned 1 exit status
configure:15737: $? = 1
configure:15722: re-using the existing conftest.o
configure:15728: g++ -o conftest -g -O2    -L/lib32 conftest.o -lboost_program_options-gcc48-mt  >&5
/usr/bin/ld: cannot find -lboost_program_options-gcc48-mt
collect2: error: ld returned 1 exit status
configure:15737: $? = 1
configure:15722: re-using the existing conftest.o
configure:15728: g++ -o conftest -g -O2    -L/lib64 conftest.o -lboost_program_options-gcc48-mt  >&5
/usr/bin/ld: cannot find -lboost_program_options-gcc48-mt
collect2: error: ld returned 1 exit status
configure:15737: $? = 1
configure:15722: re-using the existing conftest.o
configure:15728: g++ -o conftest -g -O2    -L/libnss3.so conftest.o -lboost_program_options-gcc48-mt  >&5
/usr/bin/ld: cannot find -lboost_program_options-gcc48-mt
collect2: error: ld returned 1 exit status
configure:15737: $? = 1
configure:15722: re-using the existing conftest.o
configure:15728: g++ -o conftest -g -O2    conftest.o -lboost_program_options-gcc48  >&5
/usr/bin/ld: cannot find -lboost_program_options-gcc48
collect2: error: ld returned 1 exit status
configure:15737: $? = 1
configure:15722: re-using the existing conftest.o
configure:15728: g++ -o conftest -g -O2    -L/usr/local/lib conftest.o -lboost_program_options-gcc48  >&5
/usr/bin/ld: cannot find -lboost_program_options-gcc48
collect2: error: ld returned 1 exit status
configure:15737: $? = 1
configure:15722: re-using the existing conftest.o
configure:15728: g++ -o conftest -g -O2    -L/usr/lib conftest.o -lboost_program_options-gcc48  >&5
/usr/bin/ld: cannot find -lboost_program_options-gcc48
collect2: error: ld returned 1 exit status
configure:15737: $? = 1
configure:15722: re-using the existing conftest.o
configure:15728: g++ -o conftest -g -O2    -L/usr/lib32 conftest.o -lboost_program_options-gcc48  >&5
/usr/bin/ld: cannot find -lboost_program_options-gcc48
collect2: error: ld returned 1 exit status
configure:15737: $? = 1
configure:15722: re-using the existing conftest.o
configure:15728: g++ -o conftest -g -O2    conftest.o -lboost_program_options-gcc48  >&5
/usr/bin/ld: cannot find -lboost_program_options-gcc48
collect2: error: ld returned 1 exit status
configure:15737: $? = 1
configure:15722: re-using the existing conftest.o
configure:15728: g++ -o conftest -g -O2    -L/lib conftest.o -lboost_program_options-gcc48  >&5
/usr/bin/ld: cannot find -lboost_program_options-gcc48
collect2: error: ld returned 1 exit status
configure:15737: $? = 1
configure:15722: re-using the existing conftest.o
configure:15728: g++ -o conftest -g -O2    -L/lib32 conftest.o -lboost_program_options-gcc48  >&5
/usr/bin/ld: cannot find -lboost_program_options-gcc48
collect2: error: ld returned 1 exit status
configure:15737: $? = 1
configure:15722: re-using the existing conftest.o
configure:15728: g++ -o conftest -g -O2    -L/lib64 conftest.o -lboost_program_options-gcc48  >&5
/usr/bin/ld: cannot find -lboost_program_options-gcc48
collect2: error: ld returned 1 exit status
configure:15737: $? = 1
configure:15722: re-using the existing conftest.o
configure:15728: g++ -o conftest -g -O2    -L/libnss3.so conftest.o -lboost_program_options-gcc48  >&5
/usr/bin/ld: cannot find -lboost_program_options-gcc48
collect2: error: ld returned 1 exit status
configure:15737: $? = 1
configure:15722: re-using the existing conftest.o
configure:15728: g++ -o conftest -g -O2    conftest.o -lboost_program_options-gcc48-mt-d  >&5
/usr/bin/ld: cannot find -lboost_program_options-gcc48-mt-d
collect2: error: ld returned 1 exit status
configure:15737: $? = 1
configure:15722: re-using the existing conftest.o
configure:15728: g++ -o conftest -g -O2    -L/usr/local/lib conftest.o -lboost_program_options-gcc48-mt-d  >&5
/usr/bin/ld: cannot find -lboost_program_options-gcc48-mt-d
collect2: error: ld returned 1 exit status
configure:15737: $? = 1
configure:15722: re-using the existing conftest.o
configure:15728: g++ -o conftest -g -O2    -L/usr/lib conftest.o -lboost_program_options-gcc48-mt-d  >&5
/usr/bin/ld: cannot find -lboost_program_options-gcc48-mt-d
collect2: error: ld returned 1 exit status
configure:15737: $? = 1
configure:15722: re-using the existing conftest.o
configure:15728: g++ -o conftest -g -O2    -L/usr/lib32 conftest.o -lboost_program_options-gcc48-mt-d  >&5
/usr/bin/ld: cannot find -lboost_program_options-gcc48-mt-d
collect2: error: ld returned 1 exit status
configure:15737: $? = 1
configure:15722: re-using the existing conftest.o
configure:15728: g++ -o conftest -g -O2    conftest.o -lboost_program_options-gcc48-mt-d  >&5
/usr/bin/ld: cannot find -lboost_program_options-gcc48-mt-d
collect2: error: ld returned 1 exit status
configure:15737: $? = 1
configure:15722: re-using the existing conftest.o
configure:15728: g++ -o conftest -g -O2    -L/lib conftest.o -lboost_program_options-gcc48-mt-d  >&5
/usr/bin/ld: cannot find -lboost_program_options-gcc48-mt-d
collect2: error: ld returned 1 exit status
configure:15737: $? = 1
configure:15722: re-using the existing conftest.o
configure:15728: g++ -o conftest -g -O2    -L/lib32 conftest.o -lboost_program_options-gcc48-mt-d  >&5
/usr/bin/ld: cannot find -lboost_program_options-gcc48-mt-d
collect2: error: ld returned 1 exit status
configure:15737: $? = 1
configure:15722: re-using the existing conftest.o
configure:15728: g++ -o conftest -g -O2    -L/lib64 conftest.o -lboost_program_options-gcc48-mt-d  >&5
/usr/bin/ld: cannot find -lboost_program_options-gcc48-mt-d
collect2: error: ld returned 1 exit status
configure:15737: $? = 1
configure:15722: re-using the existing conftest.o
configure:15728: g++ -o conftest -g -O2    -L/libnss3.so conftest.o -lboost_program_options-gcc48-mt-d  >&5
/usr/bin/ld: cannot find -lboost_program_options-gcc48-mt-d
collect2: error: ld returned 1 exit status
configure:15737: $? = 1
configure:15722: re-using the existing conftest.o
configure:15728: g++ -o conftest -g -O2    conftest.o -lboost_program_options-gcc48-d  >&5
/usr/bin/ld: cannot find -lboost_program_options-gcc48-d
collect2: error: ld returned 1 exit status
configure:15737: $? = 1
configure:15722: re-using the existing conftest.o
configure:15728: g++ -o conftest -g -O2    -L/usr/local/lib conftest.o -lboost_program_options-gcc48-d  >&5
/usr/bin/ld: cannot find -lboost_program_options-gcc48-d
collect2: error: ld returned 1 exit status
configure:15737: $? = 1
configure:15722: re-using the existing conftest.o
configure:15728: g++ -o conftest -g -O2    -L/usr/lib conftest.o -lboost_program_options-gcc48-d  >&5
/usr/bin/ld: cannot find -lboost_program_options-gcc48-d
collect2: error: ld returned 1 exit status
configure:15737: $? = 1
configure:15722: re-using the existing conftest.o
configure:15728: g++ -o conftest -g -O2    -L/usr/lib32 conftest.o -lboost_program_options-gcc48-d  >&5
/usr/bin/ld: cannot find -lboost_program_options-gcc48-d
collect2: error: ld returned 1 exit status
configure:15737: $? = 1
configure:15722: re-using the existing conftest.o
configure:15728: g++ -o conftest -g -O2    conftest.o -lboost_program_options-gcc48-d  >&5
/usr/bin/ld: cannot find -lboost_program_options-gcc48-d
collect2: error: ld returned 1 exit status
configure:15737: $? = 1
configure:15722: re-using the existing conftest.o
configure:15728: g++ -o conftest -g -O2    -L/lib conftest.o -lboost_program_options-gcc48-d  >&5
/usr/bin/ld: cannot find -lboost_program_options-gcc48-d
collect2: error: ld returned 1 exit status
configure:15737: $? = 1
configure:15722: re-using the existing conftest.o
configure:15728: g++ -o conftest -g -O2    -L/lib32 conftest.o -lboost_program_options-gcc48-d  >&5
/usr/bin/ld: cannot find -lboost_program_options-gcc48-d
collect2: error: ld returned 1 exit status
configure:15737: $? = 1
configure:15722: re-using the existing conftest.o
configure:15728: g++ -o conftest -g -O2    -L/lib64 conftest.o -lboost_program_options-gcc48-d  >&5
/usr/bin/ld: cannot find -lboost_program_options-gcc48-d
collect2: error: ld returned 1 exit status
configure:15737: $? = 1
configure:15722: re-using the existing conftest.o
configure:15728: g++ -o conftest -g -O2    -L/libnss3.so conftest.o -lboost_program_options-gcc48-d  >&5
/usr/bin/ld: cannot find -lboost_program_options-gcc48-d
collect2: error: ld returned 1 exit status
configure:15737: $? = 1
configure:15722: re-using the existing conftest.o
configure:15728: g++ -o conftest -g -O2    conftest.o -lboost_program_options-gcc-mt-1_54  >&5
/usr/bin/ld: cannot find -lboost_program_options-gcc-mt-1_54
collect2: error: ld returned 1 exit status
configure:15737: $? = 1
configure:15722: re-using the existing conftest.o
configure:15728: g++ -o conftest -g -O2    -L/usr/local/lib conftest.o -lboost_program_options-gcc-mt-1_54  >&5
/usr/bin/ld: cannot find -lboost_program_options-gcc-mt-1_54
collect2: error: ld returned 1 exit status
configure:15737: $? = 1
configure:15722: re-using the existing conftest.o
configure:15728: g++ -o conftest -g -O2    -L/usr/lib conftest.o -lboost_program_options-gcc-mt-1_54  >&5
/usr/bin/ld: cannot find -lboost_program_options-gcc-mt-1_54
collect2: error: ld returned 1 exit status
configure:15737: $? = 1
configure:15722: re-using the existing conftest.o
configure:15728: g++ -o conftest -g -O2    -L/usr/lib32 conftest.o -lboost_program_options-gcc-mt-1_54  >&5
/usr/bin/ld: cannot find -lboost_program_options-gcc-mt-1_54
collect2: error: ld returned 1 exit status
configure:15737: $? = 1
configure:15722: re-using the existing conftest.o
configure:15728: g++ -o conftest -g -O2    conftest.o -lboost_program_options-gcc-mt-1_54  >&5
/usr/bin/ld: cannot find -lboost_program_options-gcc-mt-1_54
collect2: error: ld returned 1 exit status
configure:15737: $? = 1
configure:15722: re-using the existing conftest.o
configure:15728: g++ -o conftest -g -O2    -L/lib conftest.o -lboost_program_options-gcc-mt-1_54  >&5
/usr/bin/ld: cannot find -lboost_program_options-gcc-mt-1_54
collect2: error: ld returned 1 exit status
configure:15737: $? = 1
configure:15722: re-using the existing conftest.o
configure:15728: g++ -o conftest -g -O2    -L/lib32 conftest.o -lboost_program_options-gcc-mt-1_54  >&5
/usr/bin/ld: cannot find -lboost_program_options-gcc-mt-1_54
collect2: error: ld returned 1 exit status
configure:15737: $? = 1
configure:15722: re-using the existing conftest.o
configure:15728: g++ -o conftest -g -O2    -L/lib64 conftest.o -lboost_program_options-gcc-mt-1_54  >&5
/usr/bin/ld: cannot find -lboost_program_options-gcc-mt-1_54
collect2: error: ld returned 1 exit status
configure:15737: $? = 1
configure:15722: re-using the existing conftest.o
configure:15728: g++ -o conftest -g -O2    -L/libnss3.so conftest.o -lboost_program_options-gcc-mt-1_54  >&5
/usr/bin/ld: cannot find -lboost_program_options-gcc-mt-1_54
collect2: error: ld returned 1 exit status
configure:15737: $? = 1
configure:15722: re-using the existing conftest.o
configure:15728: g++ -o conftest -g -O2    conftest.o -lboost_program_options-gcc-1_54  >&5
/usr/bin/ld: cannot find -lboost_program_options-gcc-1_54
collect2: error: ld returned 1 exit status
configure:15737: $? = 1
configure:15722: re-using the existing conftest.o
configure:15728: g++ -o conftest -g -O2    -L/usr/local/lib conftest.o -lboost_program_options-gcc-1_54  >&5
/usr/bin/ld: cannot find -lboost_program_options-gcc-1_54
collect2: error: ld returned 1 exit status
configure:15737: $? = 1
configure:15722: re-using the existing conftest.o
configure:15728: g++ -o conftest -g -O2    -L/usr/lib conftest.o -lboost_program_options-gcc-1_54  >&5
/usr/bin/ld: cannot find -lboost_program_options-gcc-1_54
collect2: error: ld returned 1 exit status
configure:15737: $? = 1
configure:15722: re-using the existing conftest.o
configure:15728: g++ -o conftest -g -O2    -L/usr/lib32 conftest.o -lboost_program_options-gcc-1_54  >&5
/usr/bin/ld: cannot find -lboost_program_options-gcc-1_54
collect2: error: ld returned 1 exit status
configure:15737: $? = 1
configure:15722: re-using the existing conftest.o
configure:15728: g++ -o conftest -g -O2    conftest.o -lboost_program_options-gcc-1_54  >&5
/usr/bin/ld: cannot find -lboost_program_options-gcc-1_54
collect2: error: ld returned 1 exit status
configure:15737: $? = 1
configure:15722: re-using the existing conftest.o
configure:15728: g++ -o conftest -g -O2    -L/lib conftest.o -lboost_program_options-gcc-1_54  >&5
/usr/bin/ld: cannot find -lboost_program_options-gcc-1_54
collect2: error: ld returned 1 exit status
configure:15737: $? = 1
configure:15722: re-using the existing conftest.o
configure:15728: g++ -o conftest -g -O2    -L/lib32 conftest.o -lboost_program_options-gcc-1_54  >&5
/usr/bin/ld: cannot find -lboost_program_options-gcc-1_54
collect2: error: ld returned 1 exit status
configure:15737: $? = 1
configure:15722: re-using the existing conftest.o
configure:15728: g++ -o conftest -g -O2    -L/lib64 conftest.o -lboost_program_options-gcc-1_54  >&5
/usr/bin/ld: cannot find -lboost_program_options-gcc-1_54
collect2: error: ld returned 1 exit status
configure:15737: $? = 1
configure:15722: re-using the existing conftest.o
configure:15728: g++ -o conftest -g -O2    -L/libnss3.so conftest.o -lboost_program_options-gcc-1_54  >&5
/usr/bin/ld: cannot find -lboost_program_options-gcc-1_54
collect2: error: ld returned 1 exit status
configure:15737: $? = 1
configure:15722: re-using the existing conftest.o
configure:15728: g++ -o conftest -g -O2    conftest.o -lboost_program_options-gcc-mt-d-1_54  >&5
/usr/bin/ld: cannot find -lboost_program_options-gcc-mt-d-1_54
collect2: error: ld returned 1 exit status
configure:15737: $? = 1
configure:15722: re-using the existing conftest.o
configure:15728: g++ -o conftest -g -O2    -L/usr/local/lib conftest.o -lboost_program_options-gcc-mt-d-1_54  >&5
/usr/bin/ld: cannot find -lboost_program_options-gcc-mt-d-1_54
collect2: error: ld returned 1 exit status
configure:15737: $? = 1
configure:15722: re-using the existing conftest.o
configure:15728: g++ -o conftest -g -O2    -L/usr/lib conftest.o -lboost_program_options-gcc-mt-d-1_54  >&5
/usr/bin/ld: cannot find -lboost_program_options-gcc-mt-d-1_54
collect2: error: ld returned 1 exit status
configure:15737: $? = 1
configure:15722: re-using the existing conftest.o
configure:15728: g++ -o conftest -g -O2    -L/usr/lib32 conftest.o -lboost_program_options-gcc-mt-d-1_54  >&5
/usr/bin/ld: cannot find -lboost_program_options-gcc-mt-d-1_54
collect2: error: ld returned 1 exit status
configure:15737: $? = 1
configure:15722: re-using the existing conftest.o
configure:15728: g++ -o conftest -g -O2    conftest.o -lboost_program_options-gcc-mt-d-1_54  >&5
/usr/bin/ld: cannot find -lboost_program_options-gcc-mt-d-1_54
collect2: error: ld returned 1 exit status
configure:15737: $? = 1
configure:15722: re-using the existing conftest.o
configure:15728: g++ -o conftest -g -O2    -L/lib conftest.o -lboost_program_options-gcc-mt-d-1_54  >&5
/usr/bin/ld: cannot find -lboost_program_options-gcc-mt-d-1_54
collect2: error: ld returned 1 exit status
configure:15737: $? = 1
configure:15722: re-using the existing conftest.o
configure:15728: g++ -o conftest -g -O2    -L/lib32 conftest.o -lboost_program_options-gcc-mt-d-1_54  >&5
/usr/bin/ld: cannot find -lboost_program_options-gcc-mt-d-1_54
collect2: error: ld returned 1 exit status
configure:15737: $? = 1
configure:15722: re-using the existing conftest.o
configure:15728: g++ -o conftest -g -O2    -L/lib64 conftest.o -lboost_program_options-gcc-mt-d-1_54  >&5
/usr/bin/ld: cannot find -lboost_program_options-gcc-mt-d-1_54
collect2: error: ld returned 1 exit status
configure:15737: $? = 1
configure:15722: re-using the existing conftest.o
configure:15728: g++ -o conftest -g -O2    -L/libnss3.so conftest.o -lboost_program_options-gcc-mt-d-1_54  >&5
/usr/bin/ld: cannot find -lboost_program_options-gcc-mt-d-1_54
collect2: error: ld returned 1 exit status
configure:15737: $? = 1
configure:15722: re-using the existing conftest.o
configure:15728: g++ -o conftest -g -O2    conftest.o -lboost_program_options-gcc-d-1_54  >&5
/usr/bin/ld: cannot find -lboost_program_options-gcc-d-1_54
collect2: error: ld returned 1 exit status
configure:15737: $? = 1
configure:15722: re-using the existing conftest.o
configure:15728: g++ -o conftest -g -O2    -L/usr/local/lib conftest.o -lboost_program_options-gcc-d-1_54  >&5
/usr/bin/ld: cannot find -lboost_program_options-gcc-d-1_54
collect2: error: ld returned 1 exit status
configure:15737: $? = 1
configure:15722: re-using the existing conftest.o
configure:15728: g++ -o conftest -g -O2    -L/usr/lib conftest.o -lboost_program_options-gcc-d-1_54  >&5
/usr/bin/ld: cannot find -lboost_program_options-gcc-d-1_54
collect2: error: ld returned 1 exit status
configure:15737: $? = 1
configure:15722: re-using the existing conftest.o
configure:15728: g++ -o conftest -g -O2    -L/usr/lib32 conftest.o -lboost_program_options-gcc-d-1_54  >&5
/usr/bin/ld: cannot find -lboost_program_options-gcc-d-1_54
collect2: error: ld returned 1 exit status
configure:15737: $? = 1
configure:15722: re-using the existing conftest.o
configure:15728: g++ -o conftest -g -O2    conftest.o -lboost_program_options-gcc-d-1_54  >&5
/usr/bin/ld: cannot find -lboost_program_options-gcc-d-1_54
collect2: error: ld returned 1 exit status
configure:15737: $? = 1
configure:15722: re-using the existing conftest.o
configure:15728: g++ -o conftest -g -O2    -L/lib conftest.o -lboost_program_options-gcc-d-1_54  >&5
/usr/bin/ld: cannot find -lboost_program_options-gcc-d-1_54
collect2: error: ld returned 1 exit status
configure:15737: $? = 1
configure:15722: re-using the existing conftest.o
configure:15728: g++ -o conftest -g -O2    -L/lib32 conftest.o -lboost_program_options-gcc-d-1_54  >&5
/usr/bin/ld: cannot find -lboost_program_options-gcc-d-1_54
collect2: error: ld returned 1 exit status
configure:15737: $? = 1
configure:15722: re-using the existing conftest.o
configure:15728: g++ -o conftest -g -O2    -L/lib64 conftest.o -lboost_program_options-gcc-d-1_54  >&5
/usr/bin/ld: cannot find -lboost_program_options-gcc-d-1_54
collect2: error: ld returned 1 exit status
configure:15737: $? = 1
configure:15722: re-using the existing conftest.o
configure:15728: g++ -o conftest -g -O2    -L/libnss3.so conftest.o -lboost_program_options-gcc-d-1_54  >&5
/usr/bin/ld: cannot find -lboost_program_options-gcc-d-1_54
collect2: error: ld returned 1 exit status
configure:15737: $? = 1
configure:15722: re-using the existing conftest.o
configure:15728: g++ -o conftest -g -O2    conftest.o -lboost_program_options-gcc-mt  >&5
/usr/bin/ld: cannot find -lboost_program_options-gcc-mt
collect2: error: ld returned 1 exit status
configure:15737: $? = 1
configure:15722: re-using the existing conftest.o
configure:15728: g++ -o conftest -g -O2    -L/usr/local/lib conftest.o -lboost_program_options-gcc-mt  >&5
/usr/bin/ld: cannot find -lboost_program_options-gcc-mt
collect2: error: ld returned 1 exit status
configure:15737: $? = 1
configure:15722: re-using the existing conftest.o
configure:15728: g++ -o conftest -g -O2    -L/usr/lib conftest.o -lboost_program_options-gcc-mt  >&5
/usr/bin/ld: cannot find -lboost_program_options-gcc-mt
collect2: error: ld returned 1 exit status
configure:15737: $? = 1
configure:15722: re-using the existing conftest.o
configure:15728: g++ -o conftest -g -O2    -L/usr/lib32 conftest.o -lboost_program_options-gcc-mt  >&5
/usr/bin/ld: cannot find -lboost_program_options-gcc-mt
collect2: error: ld returned 1 exit status
configure:15737: $? = 1
configure:15722: re-using the existing conftest.o
configure:15728: g++ -o conftest -g -O2    conftest.o -lboost_program_options-gcc-mt  >&5
/usr/bin/ld: cannot find -lboost_program_options-gcc-mt
collect2: error: ld returned 1 exit status
configure:15737: $? = 1
configure:15722: re-using the existing conftest.o
configure:15728: g++ -o conftest -g -O2    -L/lib conftest.o -lboost_program_options-gcc-mt  >&5
/usr/bin/ld: cannot find -lboost_program_options-gcc-mt
collect2: error: ld returned 1 exit status
configure:15737: $? = 1
configure:15722: re-using the existing conftest.o
configure:15728: g++ -o conftest -g -O2    -L/lib32 conftest.o -lboost_program_options-gcc-mt  >&5
/usr/bin/ld: cannot find -lboost_program_options-gcc-mt
collect2: error: ld returned 1 exit status
configure:15737: $? = 1
configure:15722: re-using the existing conftest.o
configure:15728: g++ -o conftest -g -O2    -L/lib64 conftest.o -lboost_program_options-gcc-mt  >&5
/usr/bin/ld: cannot find -lboost_program_options-gcc-mt
collect2: error: ld returned 1 exit status
configure:15737: $? = 1
configure:15722: re-using the existing conftest.o
configure:15728: g++ -o conftest -g -O2    -L/libnss3.so conftest.o -lboost_program_options-gcc-mt  >&5
/usr/bin/ld: cannot find -lboost_program_options-gcc-mt
collect2: error: ld returned 1 exit status
configure:15737: $? = 1
configure:15722: re-using the existing conftest.o
configure:15728: g++ -o conftest -g -O2    conftest.o -lboost_program_options-gcc  >&5
/usr/bin/ld: cannot find -lboost_program_options-gcc
collect2: error: ld returned 1 exit status
configure:15737: $? = 1
configure:15722: re-using the existing conftest.o
configure:15728: g++ -o conftest -g -O2    -L/usr/local/lib conftest.o -lboost_program_options-gcc  >&5
/usr/bin/ld: cannot find -lboost_program_options-gcc
collect2: error: ld returned 1 exit status
configure:15737: $? = 1
configure:15722: re-using the existing conftest.o
configure:15728: g++ -o conftest -g -O2    -L/usr/lib conftest.o -lboost_program_options-gcc  >&5
/usr/bin/ld: cannot find -lboost_program_options-gcc
collect2: error: ld returned 1 exit status
configure:15737: $? = 1
configure:15722: re-using the existing conftest.o
configure:15728: g++ -o conftest -g -O2    -L/usr/lib32 conftest.o -lboost_program_options-gcc  >&5
/usr/bin/ld: cannot find -lboost_program_options-gcc
collect2: error: ld returned 1 exit status
configure:15737: $? = 1
configure:15722: re-using the existing conftest.o
configure:15728: g++ -o conftest -g -O2    conftest.o -lboost_program_options-gcc  >&5
/usr/bin/ld: cannot find -lboost_program_options-gcc
collect2: error: ld returned 1 exit status
configure:15737: $? = 1
configure:15722: re-using the existing conftest.o
configure:15728: g++ -o conftest -g -O2    -L/lib conftest.o -lboost_program_options-gcc  >&5
/usr/bin/ld: cannot find -lboost_program_options-gcc
collect2: error: ld returned 1 exit status
configure:15737: $? = 1
configure:15722: re-using the existing conftest.o
configure:15728: g++ -o conftest -g -O2    -L/lib32 conftest.o -lboost_program_options-gcc  >&5
/usr/bin/ld: cannot find -lboost_program_options-gcc
collect2: error: ld returned 1 exit status
configure:15737: $? = 1
configure:15722: re-using the existing conftest.o
configure:15728: g++ -o conftest -g -O2    -L/lib64 conftest.o -lboost_program_options-gcc  >&5
/usr/bin/ld: cannot find -lboost_program_options-gcc
collect2: error: ld returned 1 exit status
configure:15737: $? = 1
configure:15722: re-using the existing conftest.o
configure:15728: g++ -o conftest -g -O2    -L/libnss3.so conftest.o -lboost_program_options-gcc  >&5
/usr/bin/ld: cannot find -lboost_program_options-gcc
collect2: error: ld returned 1 exit status
configure:15737: $? = 1
configure:15722: re-using the existing conftest.o
configure:15728: g++ -o conftest -g -O2    conftest.o -lboost_program_options-gcc-mt-d  >&5
/usr/bin/ld: cannot find -lboost_program_options-gcc-mt-d
collect2: error: ld returned 1 exit status
configure:15737: $? = 1
configure:15722: re-using the existing conftest.o
configure:15728: g++ -o conftest -g -O2    -L/usr/local/lib conftest.o -lboost_program_options-gcc-mt-d  >&5
/usr/bin/ld: cannot find -lboost_program_options-gcc-mt-d
collect2: error: ld returned 1 exit status
configure:15737: $? = 1
configure:15722: re-using the existing conftest.o
configure:15728: g++ -o conftest -g -O2    -L/usr/lib conftest.o -lboost_program_options-gcc-mt-d  >&5
/usr/bin/ld: cannot find -lboost_program_options-gcc-mt-d
collect2: error: ld returned 1 exit status
configure:15737: $? = 1
configure:15722: re-using the existing conftest.o
configure:15728: g++ -o conftest -g -O2    -L/usr/lib32 conftest.o -lboost_program_options-gcc-mt-d  >&5
/usr/bin/ld: cannot find -lboost_program_options-gcc-mt-d
collect2: error: ld returned 1 exit status
configure:15737: $? = 1
configure:15722: re-using the existing conftest.o
configure:15728: g++ -o conftest -g -O2    conftest.o -lboost_program_options-gcc-mt-d  >&5
/usr/bin/ld: cannot find -lboost_program_options-gcc-mt-d
collect2: error: ld returned 1 exit status
configure:15737: $? = 1
configure:15722: re-using the existing conftest.o
configure:15728: g++ -o conftest -g -O2    -L/lib conftest.o -lboost_program_options-gcc-mt-d  >&5
/usr/bin/ld: cannot find -lboost_program_options-gcc-mt-d
collect2: error: ld returned 1 exit status
configure:15737: $? = 1
configure:15722: re-using the existing conftest.o
configure:15728: g++ -o conftest -g -O2    -L/lib32 conftest.o -lboost_program_options-gcc-mt-d  >&5
/usr/bin/ld: cannot find -lboost_program_options-gcc-mt-d
collect2: error: ld returned 1 exit status
configure:15737: $? = 1
configure:15722: re-using the existing conftest.o
configure:15728: g++ -o conftest -g -O2    -L/lib64 conftest.o -lboost_program_options-gcc-mt-d  >&5
/usr/bin/ld: cannot find -lboost_program_options-gcc-mt-d
collect2: error: ld returned 1 exit status
configure:15737: $? = 1
configure:15722: re-using the existing conftest.o
configure:15728: g++ -o conftest -g -O2    -L/libnss3.so conftest.o -lboost_program_options-gcc-mt-d  >&5
/usr/bin/ld: cannot find -lboost_program_options-gcc-mt-d
collect2: error: ld returned 1 exit status
configure:15737: $? = 1
configure:15722: re-using the existing conftest.o
configure:15728: g++ -o conftest -g -O2    conftest.o -lboost_program_options-gcc-d  >&5
/usr/bin/ld: cannot find -lboost_program_options-gcc-d
collect2: error: ld returned 1 exit status
configure:15737: $? = 1
configure:15722: re-using the existing conftest.o
configure:15728: g++ -o conftest -g -O2    -L/usr/local/lib conftest.o -lboost_program_options-gcc-d  >&5
/usr/bin/ld: cannot find -lboost_program_options-gcc-d
collect2: error: ld returned 1 exit status
configure:15737: $? = 1
configure:15722: re-using the existing conftest.o
configure:15728: g++ -o conftest -g -O2    -L/usr/lib conftest.o -lboost_program_options-gcc-d  >&5
/usr/bin/ld: cannot find -lboost_program_options-gcc-d
collect2: error: ld returned 1 exit status
configure:15737: $? = 1
configure:15722: re-using the existing conftest.o
configure:15728: g++ -o conftest -g -O2    -L/usr/lib32 conftest.o -lboost_program_options-gcc-d  >&5
/usr/bin/ld: cannot find -lboost_program_options-gcc-d
collect2: error: ld returned 1 exit status
configure:15737: $? = 1
configure:15722: re-using the existing conftest.o
configure:15728: g++ -o conftest -g -O2    conftest.o -lboost_program_options-gcc-d  >&5
/usr/bin/ld: cannot find -lboost_program_options-gcc-d
collect2: error: ld returned 1 exit status
configure:15737: $? = 1
configure:15722: re-using the existing conftest.o
configure:15728: g++ -o conftest -g -O2    -L/lib conftest.o -lboost_program_options-gcc-d  >&5
/usr/bin/ld: cannot find -lboost_program_options-gcc-d
collect2: error: ld returned 1 exit status
configure:15737: $? = 1
configure:15722: re-using the existing conftest.o
configure:15728: g++ -o conftest -g -O2    -L/lib32 conftest.o -lboost_program_options-gcc-d  >&5
/usr/bin/ld: cannot find -lboost_program_options-gcc-d
collect2: error: ld returned 1 exit status
configure:15737: $? = 1
configure:15722: re-using the existing conftest.o
configure:15728: g++ -o conftest -g -O2    -L/lib64 conftest.o -lboost_program_options-gcc-d  >&5
/usr/bin/ld: cannot find -lboost_program_options-gcc-d
collect2: error: ld returned 1 exit status
configure:15737: $? = 1
configure:15722: re-using the existing conftest.o
configure:15728: g++ -o conftest -g -O2    -L/libnss3.so conftest.o -lboost_program_options-gcc-d  >&5
/usr/bin/ld: cannot find -lboost_program_options-gcc-d
collect2: error: ld returned 1 exit status
configure:15737: $? = 1
configure:15722: re-using the existing conftest.o
configure:15728: g++ -o conftest -g -O2    conftest.o -lboost_program_options-mt-1_54  >&5
/usr/bin/ld: cannot find -lboost_program_options-mt-1_54
collect2: error: ld returned 1 exit status
configure:15737: $? = 1
configure:15722: re-using the existing conftest.o
configure:15728: g++ -o conftest -g -O2    -L/usr/local/lib conftest.o -lboost_program_options-mt-1_54  >&5
/usr/bin/ld: cannot find -lboost_program_options-mt-1_54
collect2: error: ld returned 1 exit status
configure:15737: $? = 1
configure:15722: re-using the existing conftest.o
configure:15728: g++ -o conftest -g -O2    -L/usr/lib conftest.o -lboost_program_options-mt-1_54  >&5
/usr/bin/ld: cannot find -lboost_program_options-mt-1_54
collect2: error: ld returned 1 exit status
configure:15737: $? = 1
configure:15722: re-using the existing conftest.o
configure:15728: g++ -o conftest -g -O2    -L/usr/lib32 conftest.o -lboost_program_options-mt-1_54  >&5
/usr/bin/ld: cannot find -lboost_program_options-mt-1_54
collect2: error: ld returned 1 exit status
configure:15737: $? = 1
configure:15722: re-using the existing conftest.o
configure:15728: g++ -o conftest -g -O2    conftest.o -lboost_program_options-mt-1_54  >&5
/usr/bin/ld: cannot find -lboost_program_options-mt-1_54
collect2: error: ld returned 1 exit status
configure:15737: $? = 1
configure:15722: re-using the existing conftest.o
configure:15728: g++ -o conftest -g -O2    -L/lib conftest.o -lboost_program_options-mt-1_54  >&5
/usr/bin/ld: cannot find -lboost_program_options-mt-1_54
collect2: error: ld returned 1 exit status
configure:15737: $? = 1
configure:15722: re-using the existing conftest.o
configure:15728: g++ -o conftest -g -O2    -L/lib32 conftest.o -lboost_program_options-mt-1_54  >&5
/usr/bin/ld: cannot find -lboost_program_options-mt-1_54
collect2: error: ld returned 1 exit status
configure:15737: $? = 1
configure:15722: re-using the existing conftest.o
configure:15728: g++ -o conftest -g -O2    -L/lib64 conftest.o -lboost_program_options-mt-1_54  >&5
/usr/bin/ld: cannot find -lboost_program_options-mt-1_54
collect2: error: ld returned 1 exit status
configure:15737: $? = 1
configure:15722: re-using the existing conftest.o
configure:15728: g++ -o conftest -g -O2    -L/libnss3.so conftest.o -lboost_program_options-mt-1_54  >&5
/usr/bin/ld: cannot find -lboost_program_options-mt-1_54
collect2: error: ld returned 1 exit status
configure:15737: $? = 1
configure:15722: re-using the existing conftest.o
configure:15728: g++ -o conftest -g -O2    conftest.o -lboost_program_options-1_54  >&5
/usr/bin/ld: cannot find -lboost_program_options-1_54
collect2: error: ld returned 1 exit status
configure:15737: $? = 1
configure:15722: re-using the existing conftest.o
configure:15728: g++ -o conftest -g -O2    -L/usr/local/lib conftest.o -lboost_program_options-1_54  >&5
/usr/bin/ld: cannot find -lboost_program_options-1_54
collect2: error: ld returned 1 exit status
configure:15737: $? = 1
configure:15722: re-using the existing conftest.o
configure:15728: g++ -o conftest -g -O2    -L/usr/lib conftest.o -lboost_program_options-1_54  >&5
/usr/bin/ld: cannot find -lboost_program_options-1_54
collect2: error: ld returned 1 exit status
configure:15737: $? = 1
configure:15722: re-using the existing conftest.o
configure:15728: g++ -o conftest -g -O2    -L/usr/lib32 conftest.o -lboost_program_options-1_54  >&5
/usr/bin/ld: cannot find -lboost_program_options-1_54
collect2: error: ld returned 1 exit status
configure:15737: $? = 1
configure:15722: re-using the existing conftest.o
configure:15728: g++ -o conftest -g -O2    conftest.o -lboost_program_options-1_54  >&5
/usr/bin/ld: cannot find -lboost_program_options-1_54
collect2: error: ld returned 1 exit status
configure:15737: $? = 1
configure:15722: re-using the existing conftest.o
configure:15728: g++ -o conftest -g -O2    -L/lib conftest.o -lboost_program_options-1_54  >&5
/usr/bin/ld: cannot find -lboost_program_options-1_54
collect2: error: ld returned 1 exit status
configure:15737: $? = 1
configure:15722: re-using the existing conftest.o
configure:15728: g++ -o conftest -g -O2    -L/lib32 conftest.o -lboost_program_options-1_54  >&5
/usr/bin/ld: cannot find -lboost_program_options-1_54
collect2: error: ld returned 1 exit status
configure:15737: $? = 1
configure:15722: re-using the existing conftest.o
configure:15728: g++ -o conftest -g -O2    -L/lib64 conftest.o -lboost_program_options-1_54  >&5
/usr/bin/ld: cannot find -lboost_program_options-1_54
collect2: error: ld returned 1 exit status
configure:15737: $? = 1
configure:15722: re-using the existing conftest.o
configure:15728: g++ -o conftest -g -O2    -L/libnss3.so conftest.o -lboost_program_options-1_54  >&5
/usr/bin/ld: cannot find -lboost_program_options-1_54
collect2: error: ld returned 1 exit status
configure:15737: $? = 1
configure:15722: re-using the existing conftest.o
configure:15728: g++ -o conftest -g -O2    conftest.o -lboost_program_options-mt-d-1_54  >&5
/usr/bin/ld: cannot find -lboost_program_options-mt-d-1_54
collect2: error: ld returned 1 exit status
configure:15737: $? = 1
configure:15722: re-using the existing conftest.o
configure:15728: g++ -o conftest -g -O2    -L/usr/local/lib conftest.o -lboost_program_options-mt-d-1_54  >&5
/usr/bin/ld: cannot find -lboost_program_options-mt-d-1_54
collect2: error: ld returned 1 exit status
configure:15737: $? = 1
configure:15722: re-using the existing conftest.o
configure:15728: g++ -o conftest -g -O2    -L/usr/lib conftest.o -lboost_program_options-mt-d-1_54  >&5
/usr/bin/ld: cannot find -lboost_program_options-mt-d-1_54
collect2: error: ld returned 1 exit status
configure:15737: $? = 1
configure:15722: re-using the existing conftest.o
configure:15728: g++ -o conftest -g -O2    -L/usr/lib32 conftest.o -lboost_program_options-mt-d-1_54  >&5
/usr/bin/ld: cannot find -lboost_program_options-mt-d-1_54
collect2: error: ld returned 1 exit status
configure:15737: $? = 1
configure:15722: re-using the existing conftest.o
configure:15728: g++ -o conftest -g -O2    conftest.o -lboost_program_options-mt-d-1_54  >&5
/usr/bin/ld: cannot find -lboost_program_options-mt-d-1_54
collect2: error: ld returned 1 exit status
configure:15737: $? = 1
configure:15722: re-using the existing conftest.o
configure:15728: g++ -o conftest -g -O2    -L/lib conftest.o -lboost_program_options-mt-d-1_54  >&5
/usr/bin/ld: cannot find -lboost_program_options-mt-d-1_54
collect2: error: ld returned 1 exit status
configure:15737: $? = 1
configure:15722: re-using the existing conftest.o
configure:15728: g++ -o conftest -g -O2    -L/lib32 conftest.o -lboost_program_options-mt-d-1_54  >&5
/usr/bin/ld: cannot find -lboost_program_options-mt-d-1_54
collect2: error: ld returned 1 exit status
configure:15737: $? = 1
configure:15722: re-using the existing conftest.o
configure:15728: g++ -o conftest -g -O2    -L/lib64 conftest.o -lboost_program_options-mt-d-1_54  >&5
/usr/bin/ld: cannot find -lboost_program_options-mt-d-1_54
collect2: error: ld returned 1 exit status
configure:15737: $? = 1
configure:15722: re-using the existing conftest.o
configure:15728: g++ -o conftest -g -O2    -L/libnss3.so conftest.o -lboost_program_options-mt-d-1_54  >&5
/usr/bin/ld: cannot find -lboost_program_options-mt-d-1_54
collect2: error: ld returned 1 exit status
configure:15737: $? = 1
configure:15722: re-using the existing conftest.o
configure:15728: g++ -o conftest -g -O2    conftest.o -lboost_program_options-d-1_54  >&5
/usr/bin/ld: cannot find -lboost_program_options-d-1_54
collect2: error: ld returned 1 exit status
configure:15737: $? = 1
configure:15722: re-using the existing conftest.o
configure:15728: g++ -o conftest -g -O2    -L/usr/local/lib conftest.o -lboost_program_options-d-1_54  >&5
/usr/bin/ld: cannot find -lboost_program_options-d-1_54
collect2: error: ld returned 1 exit status
configure:15737: $? = 1
configure:15722: re-using the existing conftest.o
configure:15728: g++ -o conftest -g -O2    -L/usr/lib conftest.o -lboost_program_options-d-1_54  >&5
/usr/bin/ld: cannot find -lboost_program_options-d-1_54
collect2: error: ld returned 1 exit status
configure:15737: $? = 1
configure:15722: re-using the existing conftest.o
configure:15728: g++ -o conftest -g -O2    -L/usr/lib32 conftest.o -lboost_program_options-d-1_54  >&5
/usr/bin/ld: cannot find -lboost_program_options-d-1_54
collect2: error: ld returned 1 exit status
configure:15737: $? = 1
configure:15722: re-using the existing conftest.o
configure:15728: g++ -o conftest -g -O2    conftest.o -lboost_program_options-d-1_54  >&5
/usr/bin/ld: cannot find -lboost_program_options-d-1_54
collect2: error: ld returned 1 exit status
configure:15737: $? = 1
configure:15722: re-using the existing conftest.o
configure:15728: g++ -o conftest -g -O2    -L/lib conftest.o -lboost_program_options-d-1_54  >&5
/usr/bin/ld: cannot find -lboost_program_options-d-1_54
collect2: error: ld returned 1 exit status
configure:15737: $? = 1
configure:15722: re-using the existing conftest.o
configure:15728: g++ -o conftest -g -O2    -L/lib32 conftest.o -lboost_program_options-d-1_54  >&5
/usr/bin/ld: cannot find -lboost_program_options-d-1_54
collect2: error: ld returned 1 exit status
configure:15737: $? = 1
configure:15722: re-using the existing conftest.o
configure:15728: g++ -o conftest -g -O2    -L/lib64 conftest.o -lboost_program_options-d-1_54  >&5
/usr/bin/ld: cannot find -lboost_program_options-d-1_54
collect2: error: ld returned 1 exit status
configure:15737: $? = 1
configure:15722: re-using the existing conftest.o
configure:15728: g++ -o conftest -g -O2    -L/libnss3.so conftest.o -lboost_program_options-d-1_54  >&5
/usr/bin/ld: cannot find -lboost_program_options-d-1_54
collect2: error: ld returned 1 exit status
configure:15737: $? = 1
configure:15722: re-using the existing conftest.o
configure:15728: g++ -o conftest -g -O2    conftest.o -lboost_program_options-mt  >&5
/usr/bin/ld: cannot find -lboost_program_options-mt
collect2: error: ld returned 1 exit status
configure:15737: $? = 1
configure:15722: re-using the existing conftest.o
configure:15728: g++ -o conftest -g -O2    -L/usr/local/lib conftest.o -lboost_program_options-mt  >&5
/usr/bin/ld: cannot find -lboost_program_options-mt
collect2: error: ld returned 1 exit status
configure:15737: $? = 1
configure:15722: re-using the existing conftest.o
configure:15728: g++ -o conftest -g -O2    -L/usr/lib conftest.o -lboost_program_options-mt  >&5
/usr/bin/ld: cannot find -lboost_program_options-mt
collect2: error: ld returned 1 exit status
configure:15737: $? = 1
configure:15722: re-using the existing conftest.o
configure:15728: g++ -o conftest -g -O2    -L/usr/lib32 conftest.o -lboost_program_options-mt  >&5
/usr/bin/ld: cannot find -lboost_program_options-mt
collect2: error: ld returned 1 exit status
configure:15737: $? = 1
configure:15722: re-using the existing conftest.o
configure:15728: g++ -o conftest -g -O2    conftest.o -lboost_program_options-mt  >&5
/usr/bin/ld: cannot find -lboost_program_options-mt
collect2: error: ld returned 1 exit status
configure:15737: $? = 1
configure:15722: re-using the existing conftest.o
configure:15728: g++ -o conftest -g -O2    -L/lib conftest.o -lboost_program_options-mt  >&5
/usr/bin/ld: cannot find -lboost_program_options-mt
collect2: error: ld returned 1 exit status
configure:15737: $? = 1
configure:15722: re-using the existing conftest.o
configure:15728: g++ -o conftest -g -O2    -L/lib32 conftest.o -lboost_program_options-mt  >&5
/usr/bin/ld: cannot find -lboost_program_options-mt
collect2: error: ld returned 1 exit status
configure:15737: $? = 1
configure:15722: re-using the existing conftest.o
configure:15728: g++ -o conftest -g -O2    -L/lib64 conftest.o -lboost_program_options-mt  >&5
/usr/bin/ld: cannot find -lboost_program_options-mt
collect2: error: ld returned 1 exit status
configure:15737: $? = 1
configure:15722: re-using the existing conftest.o
configure:15728: g++ -o conftest -g -O2    -L/libnss3.so conftest.o -lboost_program_options-mt  >&5
/usr/bin/ld: cannot find -lboost_program_options-mt
collect2: error: ld returned 1 exit status
configure:15737: $? = 1
configure:15722: re-using the existing conftest.o
configure:15728: g++ -o conftest -g -O2    conftest.o -lboost_program_options  >&5
configure:15737: $? = 0
configure:15848: result: yes
configure:15873: checking glm/glm.hpp usability
configure:15873: g++ -c -g -O2  conftest.cpp >&5
configure:15873: $? = 0
configure:15873: result: yes
configure:15873: checking glm/glm.hpp presence
configure:15873: g++ -E  conftest.cpp
configure:15873: $? = 0
configure:15873: result: yes
configure:15873: checking for glm/glm.hpp
configure:15873: result: yes
configure:15937: checking for pkg-config
configure:15955: found /usr/bin/pkg-config
configure:15967: result: /usr/bin/pkg-config
configure:15992: checking pkg-config is at least version 0.9.0
configure:15995: result: yes
configure:16005: checking for gl
configure:16012: $PKG_CONFIG --exists --print-errors "gl"
configure:16015: $? = 0
configure:16029: $PKG_CONFIG --exists --print-errors "gl"
configure:16032: $? = 0
configure:16090: result: yes
configure:16096: checking for glew
configure:16103: $PKG_CONFIG --exists --print-errors "glew"
configure:16106: $? = 0
configure:16120: $PKG_CONFIG --exists --print-errors "glew"
configure:16123: $? = 0
configure:16181: result: yes
configure:16187: checking for sdl2
configure:16194: $PKG_CONFIG --exists --print-errors "sdl2"
configure:16197: $? = 0
configure:16211: $PKG_CONFIG --exists --print-errors "sdl2"
configure:16214: $? = 0
configure:16272: result: yes
configure:16388: checking that generated files are newer than configure
configure:16394: result: done
configure:16421: creating ./config.status

## ---------------------- ##
## Running config.status. ##
## ---------------------- ##

This file was extended by ShaderExamples config.status 0.1, which was
generated by GNU Autoconf 2.69.  Invocation command line was

  CONFIG_FILES    = 
  CONFIG_HEADERS  = 
  CONFIG_LINKS    = 
  CONFIG_COMMANDS = 
  $ ./config.status 

on Flaurine

config.status:1162: creating Makefile
config.status:1162: creating src/Makefile
config.status:1162: creating config.h
config.status:1343: config.h is unchanged
config.status:1391: executing depfiles commands
config.status:1391: executing libtool commands

## ---------------- ##
## Cache variables. ##
## ---------------- ##

ac_cv_build=x86_64-unknown-linux-gnu
ac_cv_c_compiler_gnu=yes
ac_cv_cxx_compiler_gnu=yes
ac_cv_env_BOOST_ROOT_set=
ac_cv_env_BOOST_ROOT_value=
ac_cv_env_CCC_set=
ac_cv_env_CCC_value=
ac_cv_env_CC_set=
ac_cv_env_CC_value=
ac_cv_env_CFLAGS_set=
ac_cv_env_CFLAGS_value=
ac_cv_env_CPPFLAGS_set=
ac_cv_env_CPPFLAGS_value=
ac_cv_env_CPP_set=
ac_cv_env_CPP_value=
ac_cv_env_CXXCPP_set=
ac_cv_env_CXXCPP_value=
ac_cv_env_CXXFLAGS_set=
ac_cv_env_CXXFLAGS_value=
ac_cv_env_CXX_set=
ac_cv_env_CXX_value=
ac_cv_env_LDFLAGS_set=
ac_cv_env_LDFLAGS_value=
ac_cv_env_LIBS_set=
ac_cv_env_LIBS_value=
ac_cv_env_PKG_CONFIG_LIBDIR_set=
ac_cv_env_PKG_CONFIG_LIBDIR_value=
ac_cv_env_PKG_CONFIG_PATH_set=
ac_cv_env_PKG_CONFIG_PATH_value=
ac_cv_env_PKG_CONFIG_set=
ac_cv_env_PKG_CONFIG_value=
ac_cv_env_build_alias_set=
ac_cv_env_build_alias_value=
ac_cv_env_gl_CFLAGS_set=
ac_cv_env_gl_CFLAGS_value=
ac_cv_env_gl_LIBS_set=
ac_cv_env_gl_LIBS_value=
ac_cv_env_glew_CFLAGS_set=
ac_cv_env_glew_CFLAGS_value=
ac_cv_env_glew_LIBS_set=
ac_cv_env_glew_LIBS_value=
ac_cv_env_host_alias_set=
ac_cv_env_host_alias_value=
ac_cv_env_sdl2_CFLAGS_set=
ac_cv_env_sdl2_CFLAGS_value=
ac_cv_env_sdl2_LIBS_set=
ac_cv_env_sdl2_LIBS_value=
ac_cv_env_target_alias_set=
ac_cv_env_target_alias_value=
ac_cv_header_boost_program_options_hpp=yes
ac_cv_header_dlfcn_h=yes
ac_cv_header_glm_glm_hpp=yes
ac_cv_header_inttypes_h=yes
ac_cv_header_memory_h=yes
ac_cv_header_stdc=yes
ac_cv_header_stdint_h=yes
ac_cv_header_stdlib_h=yes
ac_cv_header_string_h=yes
ac_cv_header_strings_h=yes
ac_cv_header_sys_stat_h=yes
ac_cv_header_sys_types_h=yes
ac_cv_header_unistd_h=yes
ac_cv_host=x86_64-unknown-linux-gnu
ac_cv_objext=o
ac_cv_path_EGREP='/bin/grep -E'
ac_cv_path_FGREP='/bin/grep -F'
ac_cv_path_GREP=/bin/grep
ac_cv_path_SED=/bin/sed
ac_cv_path_ac_pt_PKG_CONFIG=/usr/bin/pkg-config
ac_cv_path_install='/usr/bin/install -c'
ac_cv_path_mkdir=/bin/mkdir
ac_cv_prog_AWK=mawk
ac_cv_prog_CPP='gcc -E'
ac_cv_prog_CXXCPP='g++ -E'
ac_cv_prog_ac_ct_AR=ar
ac_cv_prog_ac_ct_CC=gcc
ac_cv_prog_ac_ct_CXX=g++
ac_cv_prog_ac_ct_MANIFEST_TOOL=mt
ac_cv_prog_ac_ct_OBJDUMP=objdump
ac_cv_prog_ac_ct_RANLIB=ranlib
ac_cv_prog_ac_ct_STRIP=strip
ac_cv_prog_cc_c89=
ac_cv_prog_cc_g=yes
ac_cv_prog_cxx_g=yes
ac_cv_prog_make_make_set=yes
am_cv_CC_dependencies_compiler_type=gcc3
am_cv_CXX_dependencies_compiler_type=gcc3
am_cv_make_support_nested_variables=yes
am_cv_prog_cc_c_o=yes
boost_cv_inc_path=yes
boost_cv_lib_program_options=yes
boost_cv_lib_program_options_LDPATH=
boost_cv_lib_program_options_LIBS=-lboost_program_options
boost_cv_lib_tag='gcc48 -gcc'
boost_cv_lib_version=1_54
boost_cv_rpath_link_ldflag=
lt_cv_ar_at_file=@
lt_cv_archive_cmds_need_lc=no
lt_cv_deplibs_check_method=pass_all
lt_cv_file_magic_cmd='$MAGIC_CMD'
lt_cv_file_magic_test_file=
lt_cv_ld_reload_flag=-r
lt_cv_nm_interface='BSD nm'
lt_cv_objdir=.libs
lt_cv_path_LD=/usr/bin/ld
lt_cv_path_LDCXX='/usr/bin/ld -m elf_x86_64'
lt_cv_path_NM='/usr/bin/nm -B'
lt_cv_path_mainfest_tool=no
lt_cv_prog_compiler_c_o=yes
lt_cv_prog_compiler_c_o_CXX=yes
lt_cv_prog_compiler_pic='-fPIC -DPIC'
lt_cv_prog_compiler_pic_CXX='-fPIC -DPIC'
lt_cv_prog_compiler_pic_works=yes
lt_cv_prog_compiler_pic_works_CXX=yes
lt_cv_prog_compiler_rtti_exceptions=no
lt_cv_prog_compiler_static_works=yes
lt_cv_prog_compiler_static_works_CXX=yes
lt_cv_prog_gnu_ld=yes
lt_cv_prog_gnu_ldcxx=yes
lt_cv_sharedlib_from_linklib_cmd='printf %s\n'
lt_cv_shlibpath_overrides_runpath=no
lt_cv_sys_global_symbol_pipe='sed -n -e '\''s/^.*[	 ]\([ABCDGIRSTW][ABCDGIRSTW]*\)[	 ][	 ]*\([_A-Za-z][_A-Za-z0-9]*\)$/\1 \2 \2/p'\'' | sed '\''/ __gnu_lto/d'\'''
lt_cv_sys_global_symbol_to_c_name_address='sed -n -e '\''s/^: \([^ ]*\)[ ]*$/  {\"\1\", (void *) 0},/p'\'' -e '\''s/^[ABCDGIRSTW]* \([^ ]*\) \([^ ]*\)$/  {"\2", (void *) \&\2},/p'\'''
lt_cv_sys_global_symbol_to_c_name_address_lib_prefix='sed -n -e '\''s/^: \([^ ]*\)[ ]*$/  {\"\1\", (void *) 0},/p'\'' -e '\''s/^[ABCDGIRSTW]* \([^ ]*\) \(lib[^ ]*\)$/  {"\2", (void *) \&\2},/p'\'' -e '\''s/^[ABCDGIRSTW]* \([^ ]*\) \([^ ]*\)$/  {"lib\2", (void *) \&\2},/p'\'''
lt_cv_sys_global_symbol_to_cdecl='sed -n -e '\''s/^T .* \(.*\)$/extern int \1();/p'\'' -e '\''s/^[ABCDGIRSTW]* .* \(.*\)$/extern char \1;/p'\'''
lt_cv_sys_max_cmd_len=1572864
lt_cv_to_host_file_cmd=func_convert_file_noop
lt_cv_to_tool_file_cmd=func_convert_file_noop
pkg_cv_gl_CFLAGS='-I/usr/include/libdrm  '
pkg_cv_gl_LIBS='-lGL  '
pkg_cv_glew_CFLAGS='-I/usr/include/GL -I/usr/include/libdrm  '
pkg_cv_glew_LIBS='-lGLEW -lGLU -lGL  '
pkg_cv_sdl2_CFLAGS='-D_REENTRANT -I/usr/include/SDL2  '
pkg_cv_sdl2_LIBS='-lSDL2  '

## ----------------- ##
## Output variables. ##
## ----------------- ##

ACLOCAL='${SHELL} /home/kyle/Desktop/CI224-Game-Development-KYLE-TUCKEY/VoxelTask_Linux_Boost_Build/missing aclocal-1.14'
AMDEPBACKSLASH='\'
AMDEP_FALSE='#'
AMDEP_TRUE=''
AMTAR='$${TAR-tar}'
AM_BACKSLASH='\'
AM_DEFAULT_V='$(AM_DEFAULT_VERBOSITY)'
AM_DEFAULT_VERBOSITY='1'
AM_V='$(V)'
AR='ar'
AUTOCONF='${SHELL} /home/kyle/Desktop/CI224-Game-Development-KYLE-TUCKEY/VoxelTask_Linux_Boost_Build/missing autoconf'
AUTOHEADER='${SHELL} /home/kyle/Desktop/CI224-Game-Development-KYLE-TUCKEY/VoxelTask_Linux_Boost_Build/missing autoheader'
AUTOMAKE='${SHELL} /home/kyle/Desktop/CI224-Game-Development-KYLE-TUCKEY/VoxelTask_Linux_Boost_Build/missing automake-1.14'
AWK='mawk'
BOOST_CPPFLAGS=''
BOOST_LDPATH=''
BOOST_PROGRAM_OPTIONS_LDFLAGS=''
BOOST_PROGRAM_OPTIONS_LDPATH=''
BOOST_PROGRAM_OPTIONS_LIBS='-lboost_program_options'
BOOST_ROOT=''
CC='gcc'
CCDEPMODE='depmode=gcc3'
CFLAGS='-g -O2'
CPP='gcc -E'
CPPFLAGS=''
CXX='g++'
CXXCPP='g++ -E'
CXXDEPMODE='depmode=gcc3'
CXXFLAGS='-g -O2'
CYGPATH_W='echo'
DEFS='-DHAVE_CONFIG_H'
DEPDIR='.deps'
DISTCHECK_CONFIGURE_FLAGS=' '\''--with-boost='\'''
DLLTOOL='false'
DSYMUTIL=''
DUMPBIN=''
ECHO_C=''
ECHO_N='-n'
ECHO_T=''
EGREP='/bin/grep -E'
EXEEXT=''
FGREP='/bin/grep -F'
GREP='/bin/grep'
INSTALL_DATA='${INSTALL} -m 644'
INSTALL_PROGRAM='${INSTALL}'
INSTALL_SCRIPT='${INSTALL}'
INSTALL_STRIP_PROGRAM='$(install_sh) -c -s'
LD='/usr/bin/ld -m elf_x86_64'
LDFLAGS=''
LIBOBJS=''
LIBS=''
LIBTOOL='$(SHELL) $(top_builddir)/libtool'
LIPO=''
LN_S='ln -s'
LTLIBOBJS=''
MAKEINFO='${SHELL} /home/kyle/Desktop/CI224-Game-Development-KYLE-TUCKEY/VoxelTask_Linux_Boost_Build/missing makeinfo'
MANIFEST_TOOL=':'
MKDIR_P='/bin/mkdir -p'
NM='/usr/bin/nm -B'
NMEDIT=''
OBJDUMP='objdump'
OBJEXT='o'
OTOOL64=''
OTOOL=''
PACKAGE='shaderexamples'
PACKAGE_BUGREPORT=''
PACKAGE_NAME='ShaderExamples'
PACKAGE_STRING='ShaderExamples 0.1'
PACKAGE_TARNAME='shaderexamples'
PACKAGE_URL=''
PACKAGE_VERSION='0.1'
PATH_SEPARATOR=':'
PKG_CONFIG='/usr/bin/pkg-config'
PKG_CONFIG_LIBDIR=''
PKG_CONFIG_PATH=''
RANLIB='ranlib'
SED='/bin/sed'
SET_MAKE=''
SHELL='/bin/bash'
STRIP='strip'
VERSION='0.1'
ac_ct_AR='ar'
ac_ct_CC='gcc'
ac_ct_CXX='g++'
ac_ct_DUMPBIN=''
am__EXEEXT_FALSE=''
am__EXEEXT_TRUE='#'
am__fastdepCC_FALSE='#'
am__fastdepCC_TRUE=''
am__fastdepCXX_FALSE='#'
am__fastdepCXX_TRUE=''
am__include='include'
am__isrc=''
am__leading_dot='.'
am__nodep='_no'
am__quote=''
am__tar='$${TAR-tar} chof - "$$tardir"'
am__untar='$${TAR-tar} xf -'
bindir='${exec_prefix}/bin'
build='x86_64-unknown-linux-gnu'
build_alias=''
build_cpu='x86_64'
build_os='linux-gnu'
build_vendor='unknown'
datadir='${datarootdir}'
datarootdir='${prefix}/share'
docdir='${datarootdir}/doc/${PACKAGE_TARNAME}'
dvidir='${docdir}'
exec_prefix='${prefix}'
gl_CFLAGS='-I/usr/include/libdrm  '
gl_LIBS='-lGL  '
glew_CFLAGS='-I/usr/include/GL -I/usr/include/libdrm  '
glew_LIBS='-lGLEW -lGLU -lGL  '
host='x86_64-unknown-linux-gnu'
host_alias=''
host_cpu='x86_64'
host_os='linux-gnu'
host_vendor='unknown'
htmldir='${docdir}'
includedir='${prefix}/include'
infodir='${datarootdir}/info'
install_sh='${SHELL} /home/kyle/Desktop/CI224-Game-Development-KYLE-TUCKEY/VoxelTask_Linux_Boost_Build/install-sh'
libdir='${exec_prefix}/lib'
libexecdir='${exec_prefix}/libexec'
localedir='${datarootdir}/locale'
localstatedir='${prefix}/var'
mandir='${datarootdir}/man'
mkdir_p='$(MKDIR_P)'
oldincludedir='/usr/include'
pdfdir='${docdir}'
prefix='/usr/local'
program_transform_name='s,x,x,'
psdir='${docdir}'
sbindir='${exec_prefix}/sbin'
sdl2_CFLAGS='-D_REENTRANT -I/usr/include/SDL2  '
sdl2_LIBS='-lSDL2  '
sharedstatedir='${prefix}/com'
sysconfdir='${prefix}/etc'
target_alias=''

## ----------- ##
## confdefs.h. ##
## ----------- ##

/* confdefs.h */
#define PACKAGE_NAME "ShaderExamples"
#define PACKAGE_TARNAME "shaderexamples"
#define PACKAGE_VERSION "0.1"
#define PACKAGE_STRING "ShaderExamples 0.1"
#define PACKAGE_BUGREPORT ""
#define PACKAGE_URL ""
#define PACKAGE "shaderexamples"
#define VERSION "0.1"
#define STDC_HEADERS 1
#define HAVE_SYS_TYPES_H 1
#define HAVE_SYS_STAT_H 1
#define HAVE_STDLIB_H 1
#define HAVE_STRING_H 1
#define HAVE_MEMORY_H 1
#define HAVE_STRINGS_H 1
#define HAVE_INTTYPES_H 1
#define HAVE_STDINT_H 1
#define HAVE_UNISTD_H 1
#define HAVE_DLFCN_H 1
#define LT_OBJDIR ".libs/"
#define HAVE_BOOST 1
#define HAVE_BOOST_PROGRAM_OPTIONS_HPP 1

configure: exit 0
